[0.018s] Invoking command in '/home/ubuntu20/CODE/code/BMTD3_CODE/build/turtlebot3_fake_node': AMENT_PREFIX_PATH=/home/ubuntu20/CODE/code/BMTD3_CODE/install/turtlebot3_msgs:${AMENT_PREFIX_PATH} CMAKE_PREFIX_PATH=/home/ubuntu20/CODE/code/BMTD3_CODE/install/turtlebot3_msgs:/opt/ros/foxy LD_LIBRARY_PATH=/home/ubuntu20/CODE/code/BMTD3_CODE/install/turtlebot3_msgs/lib:/usr/lib/x86_64-linux-gnu/gazebo-11/plugins:/opt/ros/foxy/opt/yaml_cpp_vendor/lib:/opt/ros/foxy/opt/rviz_ogre_vendor/lib:/opt/ros/foxy/lib/x86_64-linux-gnu:/opt/ros/foxy/lib:/usr/share/gazebo/../../lib/x86_64-linux-gnu/gazebo-11/plugins PYTHONPATH=/home/ubuntu20/CODE/code/BMTD3_CODE/install/turtlebot3_msgs/lib/python3.8/site-packages:${PYTHONPATH} /usr/bin/cmake /home/ubuntu20/CODE/code/BMTD3_CODE/src/turtlebot3_simulations/turtlebot3_fake_node -DCMAKE_INSTALL_PREFIX=/home/ubuntu20/CODE/code/BMTD3_CODE/install/turtlebot3_fake_node
[0.107s] -- The C compiler identification is GNU 9.4.0
[0.190s] -- The CXX compiler identification is GNU 9.4.0
[0.201s] -- Check for working C compiler: /usr/bin/cc
[0.302s] -- Check for working C compiler: /usr/bin/cc -- works
[0.305s] -- Detecting C compiler ABI info
[0.408s] -- Detecting C compiler ABI info - done
[0.420s] -- Detecting C compile features
[0.420s] -- Detecting C compile features - done
[0.423s] -- Check for working CXX compiler: /usr/bin/c++
[0.522s] -- Check for working CXX compiler: /usr/bin/c++ -- works
[0.525s] -- Detecting CXX compiler ABI info
[0.619s] -- Detecting CXX compiler ABI info - done
[0.632s] -- Detecting CXX compile features
[0.633s] -- Detecting CXX compile features - done
[0.635s] -- Found ament_cmake: 0.9.12 (/opt/ros/foxy/share/ament_cmake/cmake)
[0.662s] -- Found PythonInterp: /usr/bin/python3 (found suitable version "3.8.10", minimum required is "3") 
[0.662s] -- Using PYTHON_EXECUTABLE: /usr/bin/python3
[0.947s] -- Found geometry_msgs: 2.0.5 (/opt/ros/foxy/share/geometry_msgs/cmake)
[0.988s] -- Using all available rosidl_typesupport_c: rosidl_typesupport_fastrtps_c;rosidl_typesupport_introspection_c
[0.999s] -- Found rosidl_adapter: 1.3.1 (/opt/ros/foxy/share/rosidl_adapter/cmake)
[1.092s] -- Found OpenSSL: /usr/lib/x86_64-linux-gnu/libcrypto.so (found version "1.1.1f")  
[1.124s] -- Found FastRTPS: /opt/ros/foxy/include  
[1.203s] -- Using all available rosidl_typesupport_cpp: rosidl_typesupport_fastrtps_cpp;rosidl_typesupport_introspection_cpp
[1.303s] -- Found nav_msgs: 2.0.5 (/opt/ros/foxy/share/nav_msgs/cmake)
[1.381s] -- Found rclcpp: 2.4.3 (/opt/ros/foxy/share/rclcpp/cmake)
[1.425s] -- Found rmw_implementation_cmake: 1.0.4 (/opt/ros/foxy/share/rmw_implementation_cmake/cmake)
[1.427s] -- Using RMW implementation 'rmw_fastrtps_cpp' as default
[1.428s] -- Looking for pthread.h
[1.509s] -- Looking for pthread.h - found
[1.509s] -- Performing Test CMAKE_HAVE_LIBC_PTHREAD
[1.595s] -- Performing Test CMAKE_HAVE_LIBC_PTHREAD - Failed
[1.595s] -- Looking for pthread_create in pthreads
[1.683s] -- Looking for pthread_create in pthreads - not found
[1.683s] -- Looking for pthread_create in pthread
[1.779s] -- Looking for pthread_create in pthread - found
[1.781s] -- Found Threads: TRUE  
[2.023s] -- Found sensor_msgs: 2.0.5 (/opt/ros/foxy/share/sensor_msgs/cmake)
[2.101s] -- Found tf2: 0.13.14 (/opt/ros/foxy/share/tf2/cmake)
[2.113s] -- Found tf2_msgs: 0.13.14 (/opt/ros/foxy/share/tf2_msgs/cmake)
[2.328s] -- Found turtlebot3_msgs: 2.2.1 (/home/ubuntu20/CODE/code/BMTD3_CODE/install/turtlebot3_msgs/share/turtlebot3_msgs/cmake)
[2.497s] -- Configuring done
[2.512s] -- Generating done
[2.519s] -- Build files have been written to: /home/ubuntu20/CODE/code/BMTD3_CODE/build/turtlebot3_fake_node
[2.529s] Invoked command in '/home/ubuntu20/CODE/code/BMTD3_CODE/build/turtlebot3_fake_node' returned '0': AMENT_PREFIX_PATH=/home/ubuntu20/CODE/code/BMTD3_CODE/install/turtlebot3_msgs:${AMENT_PREFIX_PATH} CMAKE_PREFIX_PATH=/home/ubuntu20/CODE/code/BMTD3_CODE/install/turtlebot3_msgs:/opt/ros/foxy LD_LIBRARY_PATH=/home/ubuntu20/CODE/code/BMTD3_CODE/install/turtlebot3_msgs/lib:/usr/lib/x86_64-linux-gnu/gazebo-11/plugins:/opt/ros/foxy/opt/yaml_cpp_vendor/lib:/opt/ros/foxy/opt/rviz_ogre_vendor/lib:/opt/ros/foxy/lib/x86_64-linux-gnu:/opt/ros/foxy/lib:/usr/share/gazebo/../../lib/x86_64-linux-gnu/gazebo-11/plugins PYTHONPATH=/home/ubuntu20/CODE/code/BMTD3_CODE/install/turtlebot3_msgs/lib/python3.8/site-packages:${PYTHONPATH} /usr/bin/cmake /home/ubuntu20/CODE/code/BMTD3_CODE/src/turtlebot3_simulations/turtlebot3_fake_node -DCMAKE_INSTALL_PREFIX=/home/ubuntu20/CODE/code/BMTD3_CODE/install/turtlebot3_fake_node
[2.532s] Invoking command in '/home/ubuntu20/CODE/code/BMTD3_CODE/build/turtlebot3_fake_node': AMENT_PREFIX_PATH=/home/ubuntu20/CODE/code/BMTD3_CODE/install/turtlebot3_msgs:${AMENT_PREFIX_PATH} CMAKE_PREFIX_PATH=/home/ubuntu20/CODE/code/BMTD3_CODE/install/turtlebot3_msgs:/opt/ros/foxy LD_LIBRARY_PATH=/home/ubuntu20/CODE/code/BMTD3_CODE/install/turtlebot3_msgs/lib:/usr/lib/x86_64-linux-gnu/gazebo-11/plugins:/opt/ros/foxy/opt/yaml_cpp_vendor/lib:/opt/ros/foxy/opt/rviz_ogre_vendor/lib:/opt/ros/foxy/lib/x86_64-linux-gnu:/opt/ros/foxy/lib:/usr/share/gazebo/../../lib/x86_64-linux-gnu/gazebo-11/plugins PYTHONPATH=/home/ubuntu20/CODE/code/BMTD3_CODE/install/turtlebot3_msgs/lib/python3.8/site-packages:${PYTHONPATH} /usr/bin/cmake --build /home/ubuntu20/CODE/code/BMTD3_CODE/build/turtlebot3_fake_node -- -j8 -l8
[2.580s] [35m[1mScanning dependencies of target turtlebot3_fake_node[0m
[2.631s] [ 50%] [32mBuilding CXX object CMakeFiles/turtlebot3_fake_node.dir/src/turtlebot3_fake_node.cpp.o[0m
[9.572s] [100%] [32m[1mLinking CXX executable turtlebot3_fake_node[0m
[9.903s] [100%] Built target turtlebot3_fake_node
[9.916s] Invoked command in '/home/ubuntu20/CODE/code/BMTD3_CODE/build/turtlebot3_fake_node' returned '0': AMENT_PREFIX_PATH=/home/ubuntu20/CODE/code/BMTD3_CODE/install/turtlebot3_msgs:${AMENT_PREFIX_PATH} CMAKE_PREFIX_PATH=/home/ubuntu20/CODE/code/BMTD3_CODE/install/turtlebot3_msgs:/opt/ros/foxy LD_LIBRARY_PATH=/home/ubuntu20/CODE/code/BMTD3_CODE/install/turtlebot3_msgs/lib:/usr/lib/x86_64-linux-gnu/gazebo-11/plugins:/opt/ros/foxy/opt/yaml_cpp_vendor/lib:/opt/ros/foxy/opt/rviz_ogre_vendor/lib:/opt/ros/foxy/lib/x86_64-linux-gnu:/opt/ros/foxy/lib:/usr/share/gazebo/../../lib/x86_64-linux-gnu/gazebo-11/plugins PYTHONPATH=/home/ubuntu20/CODE/code/BMTD3_CODE/install/turtlebot3_msgs/lib/python3.8/site-packages:${PYTHONPATH} /usr/bin/cmake --build /home/ubuntu20/CODE/code/BMTD3_CODE/build/turtlebot3_fake_node -- -j8 -l8
[9.918s] Invoking command in '/home/ubuntu20/CODE/code/BMTD3_CODE/build/turtlebot3_fake_node': AMENT_PREFIX_PATH=/home/ubuntu20/CODE/code/BMTD3_CODE/install/turtlebot3_msgs:${AMENT_PREFIX_PATH} CMAKE_PREFIX_PATH=/home/ubuntu20/CODE/code/BMTD3_CODE/install/turtlebot3_msgs:/opt/ros/foxy LD_LIBRARY_PATH=/home/ubuntu20/CODE/code/BMTD3_CODE/install/turtlebot3_msgs/lib:/usr/lib/x86_64-linux-gnu/gazebo-11/plugins:/opt/ros/foxy/opt/yaml_cpp_vendor/lib:/opt/ros/foxy/opt/rviz_ogre_vendor/lib:/opt/ros/foxy/lib/x86_64-linux-gnu:/opt/ros/foxy/lib:/usr/share/gazebo/../../lib/x86_64-linux-gnu/gazebo-11/plugins PYTHONPATH=/home/ubuntu20/CODE/code/BMTD3_CODE/install/turtlebot3_msgs/lib/python3.8/site-packages:${PYTHONPATH} /usr/bin/cmake --install /home/ubuntu20/CODE/code/BMTD3_CODE/build/turtlebot3_fake_node
[9.933s] -- Install configuration: ""
[9.933s] -- Installing: /home/ubuntu20/CODE/code/BMTD3_CODE/install/turtlebot3_fake_node/lib/turtlebot3_fake_node/turtlebot3_fake_node
[9.936s] -- Set runtime path of "/home/ubuntu20/CODE/code/BMTD3_CODE/install/turtlebot3_fake_node/lib/turtlebot3_fake_node/turtlebot3_fake_node" to ""
[9.936s] -- Installing: /home/ubuntu20/CODE/code/BMTD3_CODE/install/turtlebot3_fake_node/share/turtlebot3_fake_node/launch
[9.936s] -- Installing: /home/ubuntu20/CODE/code/BMTD3_CODE/install/turtlebot3_fake_node/share/turtlebot3_fake_node/launch/rviz2.launch.py
[9.937s] -- Installing: /home/ubuntu20/CODE/code/BMTD3_CODE/install/turtlebot3_fake_node/share/turtlebot3_fake_node/launch/turtlebot3_fake_node.launch.py
[9.937s] -- Installing: /home/ubuntu20/CODE/code/BMTD3_CODE/install/turtlebot3_fake_node/share/turtlebot3_fake_node/param
[9.937s] -- Installing: /home/ubuntu20/CODE/code/BMTD3_CODE/install/turtlebot3_fake_node/share/turtlebot3_fake_node/param/burger.yaml
[9.937s] -- Installing: /home/ubuntu20/CODE/code/BMTD3_CODE/install/turtlebot3_fake_node/share/turtlebot3_fake_node/param/waffle.yaml
[9.938s] -- Installing: /home/ubuntu20/CODE/code/BMTD3_CODE/install/turtlebot3_fake_node/share/turtlebot3_fake_node/param/waffle_pi.yaml
[9.938s] -- Installing: /home/ubuntu20/CODE/code/BMTD3_CODE/install/turtlebot3_fake_node/share/turtlebot3_fake_node/rviz
[9.938s] -- Installing: /home/ubuntu20/CODE/code/BMTD3_CODE/install/turtlebot3_fake_node/share/turtlebot3_fake_node/rviz/model.rviz
[9.938s] -- Installing: /home/ubuntu20/CODE/code/BMTD3_CODE/install/turtlebot3_fake_node/include/
[9.939s] -- Installing: /home/ubuntu20/CODE/code/BMTD3_CODE/install/turtlebot3_fake_node/include//turtlebot3_fake_node
[9.939s] -- Installing: /home/ubuntu20/CODE/code/BMTD3_CODE/install/turtlebot3_fake_node/include//turtlebot3_fake_node/turtlebot3_fake_node.hpp
[9.939s] -- Installing: /home/ubuntu20/CODE/code/BMTD3_CODE/install/turtlebot3_fake_node/share/ament_index/resource_index/package_run_dependencies/turtlebot3_fake_node
[9.940s] -- Installing: /home/ubuntu20/CODE/code/BMTD3_CODE/install/turtlebot3_fake_node/share/ament_index/resource_index/parent_prefix_path/turtlebot3_fake_node
[9.940s] -- Installing: /home/ubuntu20/CODE/code/BMTD3_CODE/install/turtlebot3_fake_node/share/turtlebot3_fake_node/environment/ament_prefix_path.sh
[9.940s] -- Installing: /home/ubuntu20/CODE/code/BMTD3_CODE/install/turtlebot3_fake_node/share/turtlebot3_fake_node/environment/ament_prefix_path.dsv
[9.942s] -- Installing: /home/ubuntu20/CODE/code/BMTD3_CODE/install/turtlebot3_fake_node/share/turtlebot3_fake_node/environment/path.sh
[9.942s] -- Installing: /home/ubuntu20/CODE/code/BMTD3_CODE/install/turtlebot3_fake_node/share/turtlebot3_fake_node/environment/path.dsv
[9.942s] -- Installing: /home/ubuntu20/CODE/code/BMTD3_CODE/install/turtlebot3_fake_node/share/turtlebot3_fake_node/local_setup.bash
[9.942s] -- Installing: /home/ubuntu20/CODE/code/BMTD3_CODE/install/turtlebot3_fake_node/share/turtlebot3_fake_node/local_setup.sh
[9.943s] -- Installing: /home/ubuntu20/CODE/code/BMTD3_CODE/install/turtlebot3_fake_node/share/turtlebot3_fake_node/local_setup.zsh
[9.943s] -- Installing: /home/ubuntu20/CODE/code/BMTD3_CODE/install/turtlebot3_fake_node/share/turtlebot3_fake_node/local_setup.dsv
[9.943s] -- Installing: /home/ubuntu20/CODE/code/BMTD3_CODE/install/turtlebot3_fake_node/share/turtlebot3_fake_node/package.dsv
[9.943s] -- Installing: /home/ubuntu20/CODE/code/BMTD3_CODE/install/turtlebot3_fake_node/share/ament_index/resource_index/packages/turtlebot3_fake_node
[9.944s] -- Installing: /home/ubuntu20/CODE/code/BMTD3_CODE/install/turtlebot3_fake_node/share/turtlebot3_fake_node/cmake/ament_cmake_export_include_directories-extras.cmake
[9.944s] -- Installing: /home/ubuntu20/CODE/code/BMTD3_CODE/install/turtlebot3_fake_node/share/turtlebot3_fake_node/cmake/ament_cmake_export_dependencies-extras.cmake
[9.944s] -- Installing: /home/ubuntu20/CODE/code/BMTD3_CODE/install/turtlebot3_fake_node/share/turtlebot3_fake_node/cmake/turtlebot3_fake_nodeConfig.cmake
[9.945s] -- Installing: /home/ubuntu20/CODE/code/BMTD3_CODE/install/turtlebot3_fake_node/share/turtlebot3_fake_node/cmake/turtlebot3_fake_nodeConfig-version.cmake
[9.945s] -- Installing: /home/ubuntu20/CODE/code/BMTD3_CODE/install/turtlebot3_fake_node/share/turtlebot3_fake_node/package.xml
[9.945s] Invoked command in '/home/ubuntu20/CODE/code/BMTD3_CODE/build/turtlebot3_fake_node' returned '0': AMENT_PREFIX_PATH=/home/ubuntu20/CODE/code/BMTD3_CODE/install/turtlebot3_msgs:${AMENT_PREFIX_PATH} CMAKE_PREFIX_PATH=/home/ubuntu20/CODE/code/BMTD3_CODE/install/turtlebot3_msgs:/opt/ros/foxy LD_LIBRARY_PATH=/home/ubuntu20/CODE/code/BMTD3_CODE/install/turtlebot3_msgs/lib:/usr/lib/x86_64-linux-gnu/gazebo-11/plugins:/opt/ros/foxy/opt/yaml_cpp_vendor/lib:/opt/ros/foxy/opt/rviz_ogre_vendor/lib:/opt/ros/foxy/lib/x86_64-linux-gnu:/opt/ros/foxy/lib:/usr/share/gazebo/../../lib/x86_64-linux-gnu/gazebo-11/plugins PYTHONPATH=/home/ubuntu20/CODE/code/BMTD3_CODE/install/turtlebot3_msgs/lib/python3.8/site-packages:${PYTHONPATH} /usr/bin/cmake --install /home/ubuntu20/CODE/code/BMTD3_CODE/build/turtlebot3_fake_node
