/home/ubuntu20/CODE/code/BMTD3_CODE/install/turtlebot3_drl/lib/python3.8/site-packages/turtlebot3_drl/__init__.py
/home/ubuntu20/CODE/code/BMTD3_CODE/install/turtlebot3_drl/lib/python3.8/site-packages/turtlebot3_drl/drl_environment/drl_environment.py
/home/ubuntu20/CODE/code/BMTD3_CODE/install/turtlebot3_drl/lib/python3.8/site-packages/turtlebot3_drl/drl_environment/drl_environment_real.py
/home/ubuntu20/CODE/code/BMTD3_CODE/install/turtlebot3_drl/lib/python3.8/site-packages/turtlebot3_drl/drl_environment/__init__.py
/home/ubuntu20/CODE/code/BMTD3_CODE/install/turtlebot3_drl/lib/python3.8/site-packages/turtlebot3_drl/drl_environment/reward.py
/home/ubuntu20/CODE/code/BMTD3_CODE/install/turtlebot3_drl/lib/python3.8/site-packages/turtlebot3_drl/common/storagemanager.py
/home/ubuntu20/CODE/code/BMTD3_CODE/install/turtlebot3_drl/lib/python3.8/site-packages/turtlebot3_drl/common/graph.py
/home/ubuntu20/CODE/code/BMTD3_CODE/install/turtlebot3_drl/lib/python3.8/site-packages/turtlebot3_drl/common/logger.py
/home/ubuntu20/CODE/code/BMTD3_CODE/install/turtlebot3_drl/lib/python3.8/site-packages/turtlebot3_drl/common/replaybuffer.py
/home/ubuntu20/CODE/code/BMTD3_CODE/install/turtlebot3_drl/lib/python3.8/site-packages/turtlebot3_drl/common/utilities.py
/home/ubuntu20/CODE/code/BMTD3_CODE/install/turtlebot3_drl/lib/python3.8/site-packages/turtlebot3_drl/common/__init__.py
/home/ubuntu20/CODE/code/BMTD3_CODE/install/turtlebot3_drl/lib/python3.8/site-packages/turtlebot3_drl/common/settings.py
/home/ubuntu20/CODE/code/BMTD3_CODE/install/turtlebot3_drl/lib/python3.8/site-packages/turtlebot3_drl/common/ounoise.py
/home/ubuntu20/CODE/code/BMTD3_CODE/install/turtlebot3_drl/lib/python3.8/site-packages/turtlebot3_drl/common/visual.py
/home/ubuntu20/CODE/code/BMTD3_CODE/install/turtlebot3_drl/lib/python3.8/site-packages/turtlebot3_drl/drl_gazebo/__init__.py
/home/ubuntu20/CODE/code/BMTD3_CODE/install/turtlebot3_drl/lib/python3.8/site-packages/turtlebot3_drl/drl_gazebo/drl_gazebo.py
/home/ubuntu20/CODE/code/BMTD3_CODE/install/turtlebot3_drl/lib/python3.8/site-packages/turtlebot3_drl/drl_agent/td3_9.py
/home/ubuntu20/CODE/code/BMTD3_CODE/install/turtlebot3_drl/lib/python3.8/site-packages/turtlebot3_drl/drl_agent/td3_4.py
/home/ubuntu20/CODE/code/BMTD3_CODE/install/turtlebot3_drl/lib/python3.8/site-packages/turtlebot3_drl/drl_agent/td3_11.py
/home/ubuntu20/CODE/code/BMTD3_CODE/install/turtlebot3_drl/lib/python3.8/site-packages/turtlebot3_drl/drl_agent/td3_8.py
/home/ubuntu20/CODE/code/BMTD3_CODE/install/turtlebot3_drl/lib/python3.8/site-packages/turtlebot3_drl/drl_agent/__init__.py
/home/ubuntu20/CODE/code/BMTD3_CODE/install/turtlebot3_drl/lib/python3.8/site-packages/turtlebot3_drl/drl_agent/td3_1.py
/home/ubuntu20/CODE/code/BMTD3_CODE/install/turtlebot3_drl/lib/python3.8/site-packages/turtlebot3_drl/drl_agent/td3_10.py
/home/ubuntu20/CODE/code/BMTD3_CODE/install/turtlebot3_drl/lib/python3.8/site-packages/turtlebot3_drl/drl_agent/GRU_Attention_TD3_example.py
/home/ubuntu20/CODE/code/BMTD3_CODE/install/turtlebot3_drl/lib/python3.8/site-packages/turtlebot3_drl/drl_agent/td3_5.py
/home/ubuntu20/CODE/code/BMTD3_CODE/install/turtlebot3_drl/lib/python3.8/site-packages/turtlebot3_drl/drl_agent/off_policy_agent.py
/home/ubuntu20/CODE/code/BMTD3_CODE/install/turtlebot3_drl/lib/python3.8/site-packages/turtlebot3_drl/drl_agent/td3_7.py
/home/ubuntu20/CODE/code/BMTD3_CODE/install/turtlebot3_drl/lib/python3.8/site-packages/turtlebot3_drl/drl_agent/drl_agent.py
/home/ubuntu20/CODE/code/BMTD3_CODE/install/turtlebot3_drl/lib/python3.8/site-packages/turtlebot3_drl/drl_agent/td3_2.py
/home/ubuntu20/CODE/code/BMTD3_CODE/install/turtlebot3_drl/lib/python3.8/site-packages/turtlebot3_drl/drl_agent/td3_12.py
/home/ubuntu20/CODE/code/BMTD3_CODE/install/turtlebot3_drl/lib/python3.8/site-packages/turtlebot3_drl/drl_agent/td3_6.py
/home/ubuntu20/CODE/code/BMTD3_CODE/install/turtlebot3_drl/lib/python3.8/site-packages/turtlebot3_drl/drl_agent/td3_3.py
/home/ubuntu20/CODE/code/BMTD3_CODE/install/turtlebot3_drl/lib/python3.8/site-packages/turtlebot3_drl/drl_agent/td3.py
/home/ubuntu20/CODE/code/BMTD3_CODE/install/turtlebot3_drl/lib/python3.8/site-packages/turtlebot3_drl/__pycache__/__init__.cpython-38.pyc
/home/ubuntu20/CODE/code/BMTD3_CODE/install/turtlebot3_drl/lib/python3.8/site-packages/turtlebot3_drl/drl_environment/__pycache__/drl_environment.cpython-38.pyc
/home/ubuntu20/CODE/code/BMTD3_CODE/install/turtlebot3_drl/lib/python3.8/site-packages/turtlebot3_drl/drl_environment/__pycache__/drl_environment_real.cpython-38.pyc
/home/ubuntu20/CODE/code/BMTD3_CODE/install/turtlebot3_drl/lib/python3.8/site-packages/turtlebot3_drl/drl_environment/__pycache__/__init__.cpython-38.pyc
/home/ubuntu20/CODE/code/BMTD3_CODE/install/turtlebot3_drl/lib/python3.8/site-packages/turtlebot3_drl/drl_environment/__pycache__/reward.cpython-38.pyc
/home/ubuntu20/CODE/code/BMTD3_CODE/install/turtlebot3_drl/lib/python3.8/site-packages/turtlebot3_drl/common/__pycache__/storagemanager.cpython-38.pyc
/home/ubuntu20/CODE/code/BMTD3_CODE/install/turtlebot3_drl/lib/python3.8/site-packages/turtlebot3_drl/common/__pycache__/graph.cpython-38.pyc
/home/ubuntu20/CODE/code/BMTD3_CODE/install/turtlebot3_drl/lib/python3.8/site-packages/turtlebot3_drl/common/__pycache__/logger.cpython-38.pyc
/home/ubuntu20/CODE/code/BMTD3_CODE/install/turtlebot3_drl/lib/python3.8/site-packages/turtlebot3_drl/common/__pycache__/replaybuffer.cpython-38.pyc
/home/ubuntu20/CODE/code/BMTD3_CODE/install/turtlebot3_drl/lib/python3.8/site-packages/turtlebot3_drl/common/__pycache__/utilities.cpython-38.pyc
/home/ubuntu20/CODE/code/BMTD3_CODE/install/turtlebot3_drl/lib/python3.8/site-packages/turtlebot3_drl/common/__pycache__/__init__.cpython-38.pyc
/home/ubuntu20/CODE/code/BMTD3_CODE/install/turtlebot3_drl/lib/python3.8/site-packages/turtlebot3_drl/common/__pycache__/settings.cpython-38.pyc
/home/ubuntu20/CODE/code/BMTD3_CODE/install/turtlebot3_drl/lib/python3.8/site-packages/turtlebot3_drl/common/__pycache__/ounoise.cpython-38.pyc
/home/ubuntu20/CODE/code/BMTD3_CODE/install/turtlebot3_drl/lib/python3.8/site-packages/turtlebot3_drl/common/__pycache__/visual.cpython-38.pyc
/home/ubuntu20/CODE/code/BMTD3_CODE/install/turtlebot3_drl/lib/python3.8/site-packages/turtlebot3_drl/drl_gazebo/__pycache__/__init__.cpython-38.pyc
/home/ubuntu20/CODE/code/BMTD3_CODE/install/turtlebot3_drl/lib/python3.8/site-packages/turtlebot3_drl/drl_gazebo/__pycache__/drl_gazebo.cpython-38.pyc
/home/ubuntu20/CODE/code/BMTD3_CODE/install/turtlebot3_drl/lib/python3.8/site-packages/turtlebot3_drl/drl_agent/__pycache__/td3_9.cpython-38.pyc
/home/ubuntu20/CODE/code/BMTD3_CODE/install/turtlebot3_drl/lib/python3.8/site-packages/turtlebot3_drl/drl_agent/__pycache__/td3_4.cpython-38.pyc
/home/ubuntu20/CODE/code/BMTD3_CODE/install/turtlebot3_drl/lib/python3.8/site-packages/turtlebot3_drl/drl_agent/__pycache__/td3_11.cpython-38.pyc
/home/ubuntu20/CODE/code/BMTD3_CODE/install/turtlebot3_drl/lib/python3.8/site-packages/turtlebot3_drl/drl_agent/__pycache__/td3_8.cpython-38.pyc
/home/ubuntu20/CODE/code/BMTD3_CODE/install/turtlebot3_drl/lib/python3.8/site-packages/turtlebot3_drl/drl_agent/__pycache__/__init__.cpython-38.pyc
/home/ubuntu20/CODE/code/BMTD3_CODE/install/turtlebot3_drl/lib/python3.8/site-packages/turtlebot3_drl/drl_agent/__pycache__/td3_1.cpython-38.pyc
/home/ubuntu20/CODE/code/BMTD3_CODE/install/turtlebot3_drl/lib/python3.8/site-packages/turtlebot3_drl/drl_agent/__pycache__/td3_10.cpython-38.pyc
/home/ubuntu20/CODE/code/BMTD3_CODE/install/turtlebot3_drl/lib/python3.8/site-packages/turtlebot3_drl/drl_agent/__pycache__/GRU_Attention_TD3_example.cpython-38.pyc
/home/ubuntu20/CODE/code/BMTD3_CODE/install/turtlebot3_drl/lib/python3.8/site-packages/turtlebot3_drl/drl_agent/__pycache__/td3_5.cpython-38.pyc
/home/ubuntu20/CODE/code/BMTD3_CODE/install/turtlebot3_drl/lib/python3.8/site-packages/turtlebot3_drl/drl_agent/__pycache__/off_policy_agent.cpython-38.pyc
/home/ubuntu20/CODE/code/BMTD3_CODE/install/turtlebot3_drl/lib/python3.8/site-packages/turtlebot3_drl/drl_agent/__pycache__/td3_7.cpython-38.pyc
/home/ubuntu20/CODE/code/BMTD3_CODE/install/turtlebot3_drl/lib/python3.8/site-packages/turtlebot3_drl/drl_agent/__pycache__/drl_agent.cpython-38.pyc
/home/ubuntu20/CODE/code/BMTD3_CODE/install/turtlebot3_drl/lib/python3.8/site-packages/turtlebot3_drl/drl_agent/__pycache__/td3_2.cpython-38.pyc
/home/ubuntu20/CODE/code/BMTD3_CODE/install/turtlebot3_drl/lib/python3.8/site-packages/turtlebot3_drl/drl_agent/__pycache__/td3_12.cpython-38.pyc
/home/ubuntu20/CODE/code/BMTD3_CODE/install/turtlebot3_drl/lib/python3.8/site-packages/turtlebot3_drl/drl_agent/__pycache__/td3_6.cpython-38.pyc
/home/ubuntu20/CODE/code/BMTD3_CODE/install/turtlebot3_drl/lib/python3.8/site-packages/turtlebot3_drl/drl_agent/__pycache__/td3_3.cpython-38.pyc
/home/ubuntu20/CODE/code/BMTD3_CODE/install/turtlebot3_drl/lib/python3.8/site-packages/turtlebot3_drl/drl_agent/__pycache__/td3.cpython-38.pyc
/home/ubuntu20/CODE/code/BMTD3_CODE/install/turtlebot3_drl/share/ament_index/resource_index/packages/turtlebot3_drl
/home/ubuntu20/CODE/code/BMTD3_CODE/install/turtlebot3_drl/share/turtlebot3_drl/package.xml
/home/ubuntu20/CODE/code/BMTD3_CODE/install/turtlebot3_drl/share/turtlebot3_drl/launch
/home/ubuntu20/CODE/code/BMTD3_CODE/install/turtlebot3_drl/lib/python3.8/site-packages/turtlebot3_drl-2.0.0-py3.8.egg-info/top_level.txt
/home/ubuntu20/CODE/code/BMTD3_CODE/install/turtlebot3_drl/lib/python3.8/site-packages/turtlebot3_drl-2.0.0-py3.8.egg-info/dependency_links.txt
/home/ubuntu20/CODE/code/BMTD3_CODE/install/turtlebot3_drl/lib/python3.8/site-packages/turtlebot3_drl-2.0.0-py3.8.egg-info/entry_points.txt
/home/ubuntu20/CODE/code/BMTD3_CODE/install/turtlebot3_drl/lib/python3.8/site-packages/turtlebot3_drl-2.0.0-py3.8.egg-info/zip-safe
/home/ubuntu20/CODE/code/BMTD3_CODE/install/turtlebot3_drl/lib/python3.8/site-packages/turtlebot3_drl-2.0.0-py3.8.egg-info/requires.txt
/home/ubuntu20/CODE/code/BMTD3_CODE/install/turtlebot3_drl/lib/python3.8/site-packages/turtlebot3_drl-2.0.0-py3.8.egg-info/PKG-INFO
/home/ubuntu20/CODE/code/BMTD3_CODE/install/turtlebot3_drl/lib/python3.8/site-packages/turtlebot3_drl-2.0.0-py3.8.egg-info/SOURCES.txt
/home/ubuntu20/CODE/code/BMTD3_CODE/install/turtlebot3_drl/lib/turtlebot3_drl/environment
/home/ubuntu20/CODE/code/BMTD3_CODE/install/turtlebot3_drl/lib/turtlebot3_drl/gazebo_goals
/home/ubuntu20/CODE/code/BMTD3_CODE/install/turtlebot3_drl/lib/turtlebot3_drl/real_agent
/home/ubuntu20/CODE/code/BMTD3_CODE/install/turtlebot3_drl/lib/turtlebot3_drl/real_environment
/home/ubuntu20/CODE/code/BMTD3_CODE/install/turtlebot3_drl/lib/turtlebot3_drl/test_agent
/home/ubuntu20/CODE/code/BMTD3_CODE/install/turtlebot3_drl/lib/turtlebot3_drl/train_agent
