[0.028s] Invoking command in '/home/ubuntu20/CODE/code/BMTD3_CODE/build/turtlebot3_msgs': CMAKE_PREFIX_PATH=/opt/ros/foxy /usr/bin/cmake /home/ubuntu20/CODE/code/BMTD3_CODE/src/turtlebot3_msgs -DCMAKE_INSTALL_PREFIX=/home/ubuntu20/CODE/code/BMTD3_CODE/install/turtlebot3_msgs
[0.093s] -- The C compiler identification is GNU 9.4.0
[0.151s] -- The CXX compiler identification is GNU 9.4.0
[0.155s] -- Check for working C compiler: /usr/bin/cc
[0.243s] -- Check for working C compiler: /usr/bin/cc -- works
[0.245s] -- Detecting C compiler ABI info
[0.340s] -- Detecting C compiler ABI info - done
[0.353s] -- Detecting C compile features
[0.354s] -- Detecting C compile features - done
[0.357s] -- Check for working CXX compiler: /usr/bin/c++
[0.460s] -- Check for working CXX compiler: /usr/bin/c++ -- works
[0.461s] -- Detecting CXX compiler ABI info
[0.556s] -- Detecting CXX compiler ABI info - done
[0.575s] -- Detecting CXX compile features
[0.575s] -- Detecting CXX compile features - done
[0.577s] -- Found action_msgs: 1.0.0 (/opt/ros/foxy/share/action_msgs/cmake)
[0.604s] -- Found PythonInterp: /usr/bin/python3 (found suitable version "3.8.10", minimum required is "3") 
[0.604s] -- Using PYTHON_EXECUTABLE: /usr/bin/python3
[0.866s] -- Using all available rosidl_typesupport_c: rosidl_typesupport_fastrtps_c;rosidl_typesupport_introspection_c
[0.877s] -- Found rosidl_adapter: 1.3.1 (/opt/ros/foxy/share/rosidl_adapter/cmake)
[0.987s] -- Found OpenSSL: /usr/lib/x86_64-linux-gnu/libcrypto.so (found version "1.1.1f")  
[1.033s] -- Found FastRTPS: /opt/ros/foxy/include  
[1.124s] -- Using all available rosidl_typesupport_cpp: rosidl_typesupport_fastrtps_cpp;rosidl_typesupport_introspection_cpp
[1.202s] -- Found rosidl_default_generators: 1.0.1 (/opt/ros/foxy/share/rosidl_default_generators/cmake)
[1.212s] -- Found std_msgs: 2.0.5 (/opt/ros/foxy/share/std_msgs/cmake)
[1.260s] -- Found PythonInterp: /usr/bin/python3 (found version "3.8.10") 
[1.523s] -- Found ament_cmake_cppcheck: 0.9.8 (/opt/ros/foxy/share/ament_cmake_cppcheck/cmake)
[1.525s] -- Found ament_cmake_cpplint: 0.9.8 (/opt/ros/foxy/share/ament_cmake_cpplint/cmake)
[1.527s] -- Found ament_cmake_uncrustify: 0.9.8 (/opt/ros/foxy/share/ament_cmake_uncrustify/cmake)
[1.529s] -- Found ament_cmake_ros: 0.9.2 (/opt/ros/foxy/share/ament_cmake_ros/cmake)
[1.755s] -- Using all available rosidl_typesupport_c: rosidl_typesupport_fastrtps_c;rosidl_typesupport_introspection_c
[1.844s] -- Using all available rosidl_typesupport_cpp: rosidl_typesupport_fastrtps_cpp;rosidl_typesupport_introspection_cpp
[1.876s] -- Found PythonInterp: /usr/bin/python3 (found suitable version "3.8.10", minimum required is "3.5") 
[1.877s] -- Found python_cmake_module: 0.8.1 (/opt/ros/foxy/share/python_cmake_module/cmake)
[1.914s] -- Found PythonLibs: /usr/lib/x86_64-linux-gnu/libpython3.8.so (found suitable version "3.8.10", minimum required is "3.5") 
[1.914s] -- Using PYTHON_EXECUTABLE: /usr/bin/python3
[1.915s] -- Using PYTHON_INCLUDE_DIRS: /usr/include/python3.8
[1.915s] -- Using PYTHON_LIBRARIES: /usr/lib/x86_64-linux-gnu/libpython3.8.so
[1.943s] -- Found PythonExtra: .so  
[2.039s] -- Found ament_cmake_flake8: 0.9.8 (/opt/ros/foxy/share/ament_cmake_flake8/cmake)
[2.040s] -- Found ament_cmake_pep257: 0.9.8 (/opt/ros/foxy/share/ament_cmake_pep257/cmake)
[2.054s] -- Configuring done
[2.187s] -- Generating done
[2.244s] -- Build files have been written to: /home/ubuntu20/CODE/code/BMTD3_CODE/build/turtlebot3_msgs
[2.256s] Invoked command in '/home/ubuntu20/CODE/code/BMTD3_CODE/build/turtlebot3_msgs' returned '0': CMAKE_PREFIX_PATH=/opt/ros/foxy /usr/bin/cmake /home/ubuntu20/CODE/code/BMTD3_CODE/src/turtlebot3_msgs -DCMAKE_INSTALL_PREFIX=/home/ubuntu20/CODE/code/BMTD3_CODE/install/turtlebot3_msgs
[2.260s] Invoking command in '/home/ubuntu20/CODE/code/BMTD3_CODE/build/turtlebot3_msgs': CMAKE_PREFIX_PATH=/opt/ros/foxy /usr/bin/cmake --build /home/ubuntu20/CODE/code/BMTD3_CODE/build/turtlebot3_msgs -- -j8 -l8
[2.320s] [35m[1mScanning dependencies of target turtlebot3_msgs__cpp[0m
[2.321s] [  1%] [34m[1mGenerating C code for ROS interfaces[0m
[2.338s] [  2%] [34m[1mGenerating C++ code for ROS interfaces[0m
[3.489s] [  2%] Built target turtlebot3_msgs__cpp
[3.506s] [  4%] [34m[1mGenerating C++ type support dispatch for ROS interfaces[0m
[3.507s] [  5%] [34m[1mGenerating C++ introspection for ROS interfaces[0m
[3.508s] [  5%] [34m[1mGenerating C++ type support for eProsima Fast-RTPS[0m
[3.790s] [35m[1mScanning dependencies of target turtlebot3_msgs__rosidl_generator_c[0m
[3.819s] [  6%] [32mBuilding C object CMakeFiles/turtlebot3_msgs__rosidl_generator_c.dir/rosidl_generator_c/turtlebot3_msgs/msg/detail/sound__functions.c.o[0m
[3.835s] [  8%] [32mBuilding C object CMakeFiles/turtlebot3_msgs__rosidl_generator_c.dir/rosidl_generator_c/turtlebot3_msgs/srv/detail/drl_step__functions.c.o[0m
[3.847s] [  9%] [32mBuilding C object CMakeFiles/turtlebot3_msgs__rosidl_generator_c.dir/rosidl_generator_c/turtlebot3_msgs/msg/detail/sensor_state__functions.c.o[0m
[3.852s] [ 10%] [32mBuilding C object CMakeFiles/turtlebot3_msgs__rosidl_generator_c.dir/rosidl_generator_c/turtlebot3_msgs/msg/detail/version_info__functions.c.o[0m
[3.854s] [ 11%] [32mBuilding C object CMakeFiles/turtlebot3_msgs__rosidl_generator_c.dir/rosidl_generator_c/turtlebot3_msgs/srv/detail/sound__functions.c.o[0m
[3.959s] [ 12%] [32mBuilding C object CMakeFiles/turtlebot3_msgs__rosidl_generator_c.dir/rosidl_generator_c/turtlebot3_msgs/srv/detail/goal__functions.c.o[0m
[3.990s] [ 13%] [32mBuilding C object CMakeFiles/turtlebot3_msgs__rosidl_generator_c.dir/rosidl_generator_c/turtlebot3_msgs/srv/detail/ring_goal__functions.c.o[0m
[4.030s] [ 14%] [32mBuilding C object CMakeFiles/turtlebot3_msgs__rosidl_generator_c.dir/rosidl_generator_c/turtlebot3_msgs/action/detail/patrol__functions.c.o[0m
[4.236s] [ 16%] [32m[1mLinking C shared library libturtlebot3_msgs__rosidl_generator_c.so[0m
[4.299s] [ 16%] Built target turtlebot3_msgs__rosidl_generator_c
[4.320s] [ 17%] [34m[1mGenerating C type support dispatch for ROS interfaces[0m
[4.345s] [ 18%] [34m[1mGenerating C introspection for ROS interfaces[0m
[4.906s] [35m[1mScanning dependencies of target turtlebot3_msgs__rosidl_typesupport_cpp[0m
[4.993s] [ 19%] [32mBuilding CXX object CMakeFiles/turtlebot3_msgs__rosidl_typesupport_cpp.dir/rosidl_typesupport_cpp/turtlebot3_msgs/msg/sensor_state__type_support.cpp.o[0m
[4.998s] [ 20%] [32mBuilding CXX object CMakeFiles/turtlebot3_msgs__rosidl_typesupport_cpp.dir/rosidl_typesupport_cpp/turtlebot3_msgs/msg/sound__type_support.cpp.o[0m
[5.011s] [ 21%] [32mBuilding CXX object CMakeFiles/turtlebot3_msgs__rosidl_typesupport_cpp.dir/rosidl_typesupport_cpp/turtlebot3_msgs/msg/version_info__type_support.cpp.o[0m
[5.021s] [ 22%] [32mBuilding CXX object CMakeFiles/turtlebot3_msgs__rosidl_typesupport_cpp.dir/rosidl_typesupport_cpp/turtlebot3_msgs/srv/sound__type_support.cpp.o[0m
[5.732s] [35m[1mScanning dependencies of target turtlebot3_msgs__rosidl_typesupport_introspection_cpp[0m
[5.812s] [ 24%] [32mBuilding CXX object CMakeFiles/turtlebot3_msgs__rosidl_typesupport_introspection_cpp.dir/rosidl_typesupport_introspection_cpp/turtlebot3_msgs/msg/detail/sensor_state__type_support.cpp.o[0m
[5.831s] [ 25%] [32mBuilding CXX object CMakeFiles/turtlebot3_msgs__rosidl_typesupport_introspection_cpp.dir/rosidl_typesupport_introspection_cpp/turtlebot3_msgs/msg/detail/sound__type_support.cpp.o[0m
[5.859s] [ 26%] [32mBuilding CXX object CMakeFiles/turtlebot3_msgs__rosidl_typesupport_cpp.dir/rosidl_typesupport_cpp/turtlebot3_msgs/srv/drl_step__type_support.cpp.o[0m
[5.995s] [ 27%] [32mBuilding CXX object CMakeFiles/turtlebot3_msgs__rosidl_typesupport_introspection_cpp.dir/rosidl_typesupport_introspection_cpp/turtlebot3_msgs/msg/detail/version_info__type_support.cpp.o[0m
[6.011s] [ 28%] [32mBuilding CXX object CMakeFiles/turtlebot3_msgs__rosidl_typesupport_cpp.dir/rosidl_typesupport_cpp/turtlebot3_msgs/srv/goal__type_support.cpp.o[0m
[6.495s] [35m[1mScanning dependencies of target turtlebot3_msgs__rosidl_typesupport_fastrtps_cpp[0m
[6.502s] [ 29%] [32mBuilding CXX object CMakeFiles/turtlebot3_msgs__rosidl_typesupport_introspection_cpp.dir/rosidl_typesupport_introspection_cpp/turtlebot3_msgs/srv/detail/drl_step__type_support.cpp.o[0m
[6.503s] [ 31%] [32mBuilding CXX object CMakeFiles/turtlebot3_msgs__rosidl_typesupport_cpp.dir/rosidl_typesupport_cpp/turtlebot3_msgs/srv/ring_goal__type_support.cpp.o[0m
[6.512s] [35m[1mScanning dependencies of target turtlebot3_msgs__rosidl_typesupport_c[0m
[6.527s] [ 32%] [32mBuilding CXX object CMakeFiles/turtlebot3_msgs__rosidl_typesupport_introspection_cpp.dir/rosidl_typesupport_introspection_cpp/turtlebot3_msgs/srv/detail/sound__type_support.cpp.o[0m
[6.560s] [ 33%] [32mBuilding CXX object CMakeFiles/turtlebot3_msgs__rosidl_typesupport_fastrtps_cpp.dir/rosidl_typesupport_fastrtps_cpp/turtlebot3_msgs/msg/detail/dds_fastrtps/sensor_state__type_support.cpp.o[0m
[6.572s] [ 34%] [32mBuilding CXX object CMakeFiles/turtlebot3_msgs__rosidl_typesupport_c.dir/rosidl_typesupport_c/turtlebot3_msgs/msg/sensor_state__type_support.cpp.o[0m
[6.700s] [ 35%] [32mBuilding CXX object CMakeFiles/turtlebot3_msgs__rosidl_typesupport_c.dir/rosidl_typesupport_c/turtlebot3_msgs/msg/sound__type_support.cpp.o[0m
[6.704s] [ 36%] [32mBuilding CXX object CMakeFiles/turtlebot3_msgs__rosidl_typesupport_fastrtps_cpp.dir/rosidl_typesupport_fastrtps_cpp/turtlebot3_msgs/msg/detail/dds_fastrtps/sound__type_support.cpp.o[0m
[6.850s] [ 37%] [32mBuilding CXX object CMakeFiles/turtlebot3_msgs__rosidl_typesupport_introspection_cpp.dir/rosidl_typesupport_introspection_cpp/turtlebot3_msgs/srv/detail/goal__type_support.cpp.o[0m
[6.869s] [ 39%] [32mBuilding CXX object CMakeFiles/turtlebot3_msgs__rosidl_typesupport_c.dir/rosidl_typesupport_c/turtlebot3_msgs/msg/version_info__type_support.cpp.o[0m
[7.046s] [ 40%] [32mBuilding CXX object CMakeFiles/turtlebot3_msgs__rosidl_typesupport_c.dir/rosidl_typesupport_c/turtlebot3_msgs/srv/sound__type_support.cpp.o[0m
[7.119s] [35m[1mScanning dependencies of target turtlebot3_msgs__rosidl_typesupport_introspection_c[0m
[7.192s] [ 41%] [32mBuilding C object CMakeFiles/turtlebot3_msgs__rosidl_typesupport_introspection_c.dir/rosidl_typesupport_introspection_c/turtlebot3_msgs/msg/detail/sensor_state__type_support.c.o[0m
[7.212s] [ 42%] [32mBuilding CXX object CMakeFiles/turtlebot3_msgs__rosidl_typesupport_c.dir/rosidl_typesupport_c/turtlebot3_msgs/srv/drl_step__type_support.cpp.o[0m
[7.267s] [ 43%] [32mBuilding CXX object CMakeFiles/turtlebot3_msgs__rosidl_typesupport_cpp.dir/rosidl_typesupport_cpp/turtlebot3_msgs/action/patrol__type_support.cpp.o[0m
[7.339s] [ 44%] [32mBuilding CXX object CMakeFiles/turtlebot3_msgs__rosidl_typesupport_c.dir/rosidl_typesupport_c/turtlebot3_msgs/srv/goal__type_support.cpp.o[0m
[7.340s] [ 45%] [32mBuilding C object CMakeFiles/turtlebot3_msgs__rosidl_typesupport_introspection_c.dir/rosidl_typesupport_introspection_c/turtlebot3_msgs/msg/detail/sound__type_support.c.o[0m
[7.347s] [ 47%] [32mBuilding CXX object CMakeFiles/turtlebot3_msgs__rosidl_typesupport_introspection_cpp.dir/rosidl_typesupport_introspection_cpp/turtlebot3_msgs/srv/detail/ring_goal__type_support.cpp.o[0m
[7.483s] [ 48%] [32mBuilding CXX object CMakeFiles/turtlebot3_msgs__rosidl_typesupport_c.dir/rosidl_typesupport_c/turtlebot3_msgs/srv/ring_goal__type_support.cpp.o[0m
[7.487s] [ 49%] [32mBuilding C object CMakeFiles/turtlebot3_msgs__rosidl_typesupport_introspection_c.dir/rosidl_typesupport_introspection_c/turtlebot3_msgs/msg/detail/version_info__type_support.c.o[0m
[7.499s] [ 50%] [32mBuilding CXX object CMakeFiles/turtlebot3_msgs__rosidl_typesupport_c.dir/rosidl_typesupport_c/turtlebot3_msgs/action/patrol__type_support.cpp.o[0m
[7.630s] [ 51%] [32mBuilding C object CMakeFiles/turtlebot3_msgs__rosidl_typesupport_introspection_c.dir/rosidl_typesupport_introspection_c/turtlebot3_msgs/srv/detail/sound__type_support.c.o[0m
[7.647s] [ 52%] [32mBuilding C object CMakeFiles/turtlebot3_msgs__rosidl_typesupport_introspection_c.dir/rosidl_typesupport_introspection_c/turtlebot3_msgs/srv/detail/drl_step__type_support.c.o[0m
[7.707s] [ 54%] [32m[1mLinking CXX shared library libturtlebot3_msgs__rosidl_typesupport_c.so[0m
[7.732s] [ 55%] [32mBuilding CXX object CMakeFiles/turtlebot3_msgs__rosidl_typesupport_introspection_cpp.dir/rosidl_typesupport_introspection_cpp/turtlebot3_msgs/action/detail/patrol__type_support.cpp.o[0m
[7.761s] [ 56%] [32mBuilding CXX object CMakeFiles/turtlebot3_msgs__rosidl_typesupport_fastrtps_cpp.dir/rosidl_typesupport_fastrtps_cpp/turtlebot3_msgs/msg/detail/dds_fastrtps/version_info__type_support.cpp.o[0m
[7.764s] [ 57%] [32mBuilding C object CMakeFiles/turtlebot3_msgs__rosidl_typesupport_introspection_c.dir/rosidl_typesupport_introspection_c/turtlebot3_msgs/srv/detail/ring_goal__type_support.c.o[0m
[7.776s] [ 58%] [32mBuilding C object CMakeFiles/turtlebot3_msgs__rosidl_typesupport_introspection_c.dir/rosidl_typesupport_introspection_c/turtlebot3_msgs/srv/detail/goal__type_support.c.o[0m
[7.820s] [ 59%] [32mBuilding CXX object CMakeFiles/turtlebot3_msgs__rosidl_typesupport_fastrtps_cpp.dir/rosidl_typesupport_fastrtps_cpp/turtlebot3_msgs/srv/detail/dds_fastrtps/sound__type_support.cpp.o[0m
[7.835s] [ 59%] Built target turtlebot3_msgs__rosidl_typesupport_c
[7.856s] [ 60%] [32mBuilding C object CMakeFiles/turtlebot3_msgs__rosidl_typesupport_introspection_c.dir/rosidl_typesupport_introspection_c/turtlebot3_msgs/action/detail/patrol__type_support.c.o[0m
[7.866s] [ 62%] [32mBuilding CXX object CMakeFiles/turtlebot3_msgs__rosidl_typesupport_fastrtps_cpp.dir/rosidl_typesupport_fastrtps_cpp/turtlebot3_msgs/srv/detail/dds_fastrtps/drl_step__type_support.cpp.o[0m
[7.898s] [ 63%] [32mBuilding CXX object CMakeFiles/turtlebot3_msgs__rosidl_typesupport_fastrtps_cpp.dir/rosidl_typesupport_fastrtps_cpp/turtlebot3_msgs/srv/detail/dds_fastrtps/goal__type_support.cpp.o[0m
[8.000s] [ 64%] [32m[1mLinking C shared library libturtlebot3_msgs__rosidl_typesupport_introspection_c.so[0m
[8.025s] [ 65%] [32m[1mLinking CXX shared library libturtlebot3_msgs__rosidl_typesupport_cpp.so[0m
[8.078s] [ 65%] Built target turtlebot3_msgs__rosidl_typesupport_introspection_c
[8.121s] [ 66%] [32mBuilding CXX object CMakeFiles/turtlebot3_msgs__rosidl_typesupport_fastrtps_cpp.dir/rosidl_typesupport_fastrtps_cpp/turtlebot3_msgs/srv/detail/dds_fastrtps/ring_goal__type_support.cpp.o[0m
[8.179s] [ 66%] Built target turtlebot3_msgs__rosidl_typesupport_cpp
[8.191s] [ 67%] [32mBuilding CXX object CMakeFiles/turtlebot3_msgs__rosidl_typesupport_fastrtps_cpp.dir/rosidl_typesupport_fastrtps_cpp/turtlebot3_msgs/action/detail/dds_fastrtps/patrol__type_support.cpp.o[0m
[8.694s] [ 68%] [32m[1mLinking CXX shared library libturtlebot3_msgs__rosidl_typesupport_introspection_cpp.so[0m
[8.838s] [ 68%] Built target turtlebot3_msgs__rosidl_typesupport_introspection_cpp
[9.160s] [ 70%] [32m[1mLinking CXX shared library libturtlebot3_msgs__rosidl_typesupport_fastrtps_cpp.so[0m
[9.318s] [ 70%] Built target turtlebot3_msgs__rosidl_typesupport_fastrtps_cpp
[9.335s] [ 71%] [34m[1mGenerating C type support for eProsima Fast-RTPS[0m
[11.069s] [35m[1mScanning dependencies of target turtlebot3_msgs__rosidl_typesupport_fastrtps_c[0m
[11.120s] [ 72%] [32mBuilding CXX object CMakeFiles/turtlebot3_msgs__rosidl_typesupport_fastrtps_c.dir/rosidl_typesupport_fastrtps_c/turtlebot3_msgs/msg/detail/sound__type_support_c.cpp.o[0m
[11.121s] [ 74%] [32mBuilding CXX object CMakeFiles/turtlebot3_msgs__rosidl_typesupport_fastrtps_c.dir/rosidl_typesupport_fastrtps_c/turtlebot3_msgs/msg/detail/sensor_state__type_support_c.cpp.o[0m
[11.121s] [ 74%] [32mBuilding CXX object CMakeFiles/turtlebot3_msgs__rosidl_typesupport_fastrtps_c.dir/rosidl_typesupport_fastrtps_c/turtlebot3_msgs/msg/detail/version_info__type_support_c.cpp.o[0m
[11.122s] [ 75%] [32mBuilding CXX object CMakeFiles/turtlebot3_msgs__rosidl_typesupport_fastrtps_c.dir/rosidl_typesupport_fastrtps_c/turtlebot3_msgs/srv/detail/sound__type_support_c.cpp.o[0m
[11.135s] [ 77%] [32mBuilding CXX object CMakeFiles/turtlebot3_msgs__rosidl_typesupport_fastrtps_c.dir/rosidl_typesupport_fastrtps_c/turtlebot3_msgs/srv/detail/goal__type_support_c.cpp.o[0m
[11.136s] [ 78%] [32mBuilding CXX object CMakeFiles/turtlebot3_msgs__rosidl_typesupport_fastrtps_c.dir/rosidl_typesupport_fastrtps_c/turtlebot3_msgs/srv/detail/drl_step__type_support_c.cpp.o[0m
[11.158s] [ 79%] [32mBuilding CXX object CMakeFiles/turtlebot3_msgs__rosidl_typesupport_fastrtps_c.dir/rosidl_typesupport_fastrtps_c/turtlebot3_msgs/action/detail/patrol__type_support_c.cpp.o[0m
[11.183s] [ 80%] [32mBuilding CXX object CMakeFiles/turtlebot3_msgs__rosidl_typesupport_fastrtps_c.dir/rosidl_typesupport_fastrtps_c/turtlebot3_msgs/srv/detail/ring_goal__type_support_c.cpp.o[0m
[12.145s] [ 81%] [32m[1mLinking CXX shared library libturtlebot3_msgs__rosidl_typesupport_fastrtps_c.so[0m
[12.322s] [ 81%] Built target turtlebot3_msgs__rosidl_typesupport_fastrtps_c
[12.339s] [35m[1mScanning dependencies of target turtlebot3_msgs[0m
[12.357s] [ 81%] Built target turtlebot3_msgs
[12.374s] [35m[1mScanning dependencies of target turtlebot3_msgs__py[0m
[12.393s] [ 82%] [34m[1mGenerating Python code for ROS interfaces[0m
[14.944s] [ 82%] Built target turtlebot3_msgs__py
[14.957s] [35m[1mScanning dependencies of target turtlebot3_msgs__python[0m
[15.003s] [ 85%] [32mBuilding C object CMakeFiles/turtlebot3_msgs__python.dir/rosidl_generator_py/turtlebot3_msgs/msg/_sound_s.c.o[0m
[15.003s] [ 85%] [32mBuilding C object CMakeFiles/turtlebot3_msgs__python.dir/rosidl_generator_py/turtlebot3_msgs/msg/_sensor_state_s.c.o[0m
[15.004s] [ 86%] [32mBuilding C object CMakeFiles/turtlebot3_msgs__python.dir/rosidl_generator_py/turtlebot3_msgs/srv/_drl_step_s.c.o[0m
[15.005s] [ 87%] [32mBuilding C object CMakeFiles/turtlebot3_msgs__python.dir/rosidl_generator_py/turtlebot3_msgs/msg/_version_info_s.c.o[0m
[15.006s] [ 88%] [32mBuilding C object CMakeFiles/turtlebot3_msgs__python.dir/rosidl_generator_py/turtlebot3_msgs/srv/_goal_s.c.o[0m
[15.018s] [ 89%] [32mBuilding C object CMakeFiles/turtlebot3_msgs__python.dir/rosidl_generator_py/turtlebot3_msgs/action/_patrol_s.c.o[0m
[15.028s] [ 90%] [32mBuilding C object CMakeFiles/turtlebot3_msgs__python.dir/rosidl_generator_py/turtlebot3_msgs/srv/_ring_goal_s.c.o[0m
[15.040s] [ 91%] [32mBuilding C object CMakeFiles/turtlebot3_msgs__python.dir/rosidl_generator_py/turtlebot3_msgs/srv/_sound_s.c.o[0m
[15.327s] [ 93%] [32m[1mLinking C shared library rosidl_generator_py/turtlebot3_msgs/libturtlebot3_msgs__python.so[0m
[15.383s] [ 93%] Built target turtlebot3_msgs__python
[15.396s] [35m[1mScanning dependencies of target turtlebot3_msgs__rosidl_typesupport_c__pyext[0m
[15.399s] [35m[1mScanning dependencies of target turtlebot3_msgs__rosidl_typesupport_fastrtps_c__pyext[0m
[15.400s] [35m[1mScanning dependencies of target turtlebot3_msgs__rosidl_typesupport_introspection_c__pyext[0m
[15.434s] [ 94%] [32mBuilding C object CMakeFiles/turtlebot3_msgs__rosidl_typesupport_c__pyext.dir/rosidl_generator_py/turtlebot3_msgs/_turtlebot3_msgs_s.ep.rosidl_typesupport_c.c.o[0m
[15.439s] [ 95%] [32mBuilding C object CMakeFiles/turtlebot3_msgs__rosidl_typesupport_fastrtps_c__pyext.dir/rosidl_generator_py/turtlebot3_msgs/_turtlebot3_msgs_s.ep.rosidl_typesupport_fastrtps_c.c.o[0m
[15.440s] [ 96%] [32mBuilding C object CMakeFiles/turtlebot3_msgs__rosidl_typesupport_introspection_c__pyext.dir/rosidl_generator_py/turtlebot3_msgs/_turtlebot3_msgs_s.ep.rosidl_typesupport_introspection_c.c.o[0m
[15.675s] [ 97%] [32m[1mLinking CXX shared library rosidl_generator_py/turtlebot3_msgs/turtlebot3_msgs_s__rosidl_typesupport_fastrtps_c.cpython-38-x86_64-linux-gnu.so[0m
[15.682s] [ 98%] [32m[1mLinking C shared library rosidl_generator_py/turtlebot3_msgs/turtlebot3_msgs_s__rosidl_typesupport_introspection_c.cpython-38-x86_64-linux-gnu.so[0m
[15.684s] [100%] [32m[1mLinking C shared library rosidl_generator_py/turtlebot3_msgs/turtlebot3_msgs_s__rosidl_typesupport_c.cpython-38-x86_64-linux-gnu.so[0m
[15.737s] [100%] Built target turtlebot3_msgs__rosidl_typesupport_introspection_c__pyext
[15.750s] [100%] Built target turtlebot3_msgs__rosidl_typesupport_c__pyext
[15.800s] [100%] Built target turtlebot3_msgs__rosidl_typesupport_fastrtps_c__pyext
[15.816s] Invoked command in '/home/ubuntu20/CODE/code/BMTD3_CODE/build/turtlebot3_msgs' returned '0': CMAKE_PREFIX_PATH=/opt/ros/foxy /usr/bin/cmake --build /home/ubuntu20/CODE/code/BMTD3_CODE/build/turtlebot3_msgs -- -j8 -l8
[15.833s] Invoking command in '/home/ubuntu20/CODE/code/BMTD3_CODE/build/turtlebot3_msgs': CMAKE_PREFIX_PATH=/opt/ros/foxy /usr/bin/cmake --install /home/ubuntu20/CODE/code/BMTD3_CODE/build/turtlebot3_msgs
[15.848s] -- Install configuration: ""
[15.848s] -- Installing: /home/ubuntu20/CODE/code/BMTD3_CODE/install/turtlebot3_msgs/share/ament_index/resource_index/rosidl_interfaces/turtlebot3_msgs
[15.849s] -- Installing: /home/ubuntu20/CODE/code/BMTD3_CODE/install/turtlebot3_msgs/include/turtlebot3_msgs
[15.849s] -- Installing: /home/ubuntu20/CODE/code/BMTD3_CODE/install/turtlebot3_msgs/include/turtlebot3_msgs/srv
[15.849s] -- Installing: /home/ubuntu20/CODE/code/BMTD3_CODE/install/turtlebot3_msgs/include/turtlebot3_msgs/srv/goal.h
[15.850s] -- Installing: /home/ubuntu20/CODE/code/BMTD3_CODE/install/turtlebot3_msgs/include/turtlebot3_msgs/srv/drl_step.h
[15.850s] -- Installing: /home/ubuntu20/CODE/code/BMTD3_CODE/install/turtlebot3_msgs/include/turtlebot3_msgs/srv/ring_goal.h
[15.851s] -- Installing: /home/ubuntu20/CODE/code/BMTD3_CODE/install/turtlebot3_msgs/include/turtlebot3_msgs/srv/sound.h
[15.851s] -- Installing: /home/ubuntu20/CODE/code/BMTD3_CODE/install/turtlebot3_msgs/include/turtlebot3_msgs/srv/detail
[15.851s] -- Installing: /home/ubuntu20/CODE/code/BMTD3_CODE/install/turtlebot3_msgs/include/turtlebot3_msgs/srv/detail/sound__functions.c
[15.851s] -- Installing: /home/ubuntu20/CODE/code/BMTD3_CODE/install/turtlebot3_msgs/include/turtlebot3_msgs/srv/detail/goal__functions.h
[15.851s] -- Installing: /home/ubuntu20/CODE/code/BMTD3_CODE/install/turtlebot3_msgs/include/turtlebot3_msgs/srv/detail/drl_step__type_support.h
[15.852s] -- Installing: /home/ubuntu20/CODE/code/BMTD3_CODE/install/turtlebot3_msgs/include/turtlebot3_msgs/srv/detail/drl_step__functions.h
[15.852s] -- Installing: /home/ubuntu20/CODE/code/BMTD3_CODE/install/turtlebot3_msgs/include/turtlebot3_msgs/srv/detail/sound__type_support.h
[15.852s] -- Installing: /home/ubuntu20/CODE/code/BMTD3_CODE/install/turtlebot3_msgs/include/turtlebot3_msgs/srv/detail/ring_goal__type_support.h
[15.852s] -- Installing: /home/ubuntu20/CODE/code/BMTD3_CODE/install/turtlebot3_msgs/include/turtlebot3_msgs/srv/detail/sound__struct.h
[15.852s] -- Installing: /home/ubuntu20/CODE/code/BMTD3_CODE/install/turtlebot3_msgs/include/turtlebot3_msgs/srv/detail/goal__struct.h
[15.853s] -- Installing: /home/ubuntu20/CODE/code/BMTD3_CODE/install/turtlebot3_msgs/include/turtlebot3_msgs/srv/detail/drl_step__struct.h
[15.853s] -- Installing: /home/ubuntu20/CODE/code/BMTD3_CODE/install/turtlebot3_msgs/include/turtlebot3_msgs/srv/detail/goal__functions.c
[15.853s] -- Installing: /home/ubuntu20/CODE/code/BMTD3_CODE/install/turtlebot3_msgs/include/turtlebot3_msgs/srv/detail/goal__type_support.h
[15.853s] -- Installing: /home/ubuntu20/CODE/code/BMTD3_CODE/install/turtlebot3_msgs/include/turtlebot3_msgs/srv/detail/ring_goal__struct.h
[15.854s] -- Installing: /home/ubuntu20/CODE/code/BMTD3_CODE/install/turtlebot3_msgs/include/turtlebot3_msgs/srv/detail/ring_goal__functions.h
[15.854s] -- Installing: /home/ubuntu20/CODE/code/BMTD3_CODE/install/turtlebot3_msgs/include/turtlebot3_msgs/srv/detail/ring_goal__functions.c
[15.854s] -- Installing: /home/ubuntu20/CODE/code/BMTD3_CODE/install/turtlebot3_msgs/include/turtlebot3_msgs/srv/detail/drl_step__functions.c
[15.854s] -- Installing: /home/ubuntu20/CODE/code/BMTD3_CODE/install/turtlebot3_msgs/include/turtlebot3_msgs/srv/detail/sound__functions.h
[15.854s] -- Installing: /home/ubuntu20/CODE/code/BMTD3_CODE/install/turtlebot3_msgs/include/turtlebot3_msgs/action
[15.855s] -- Installing: /home/ubuntu20/CODE/code/BMTD3_CODE/install/turtlebot3_msgs/include/turtlebot3_msgs/action/detail
[15.855s] -- Installing: /home/ubuntu20/CODE/code/BMTD3_CODE/install/turtlebot3_msgs/include/turtlebot3_msgs/action/detail/patrol__functions.c
[15.855s] -- Installing: /home/ubuntu20/CODE/code/BMTD3_CODE/install/turtlebot3_msgs/include/turtlebot3_msgs/action/detail/patrol__struct.h
[15.855s] -- Installing: /home/ubuntu20/CODE/code/BMTD3_CODE/install/turtlebot3_msgs/include/turtlebot3_msgs/action/detail/patrol__type_support.h
[15.855s] -- Installing: /home/ubuntu20/CODE/code/BMTD3_CODE/install/turtlebot3_msgs/include/turtlebot3_msgs/action/detail/patrol__functions.h
[15.856s] -- Installing: /home/ubuntu20/CODE/code/BMTD3_CODE/install/turtlebot3_msgs/include/turtlebot3_msgs/action/patrol.h
[15.856s] -- Installing: /home/ubuntu20/CODE/code/BMTD3_CODE/install/turtlebot3_msgs/include/turtlebot3_msgs/msg
[15.856s] -- Installing: /home/ubuntu20/CODE/code/BMTD3_CODE/install/turtlebot3_msgs/include/turtlebot3_msgs/msg/sensor_state.h
[15.856s] -- Installing: /home/ubuntu20/CODE/code/BMTD3_CODE/install/turtlebot3_msgs/include/turtlebot3_msgs/msg/sound.h
[15.856s] -- Installing: /home/ubuntu20/CODE/code/BMTD3_CODE/install/turtlebot3_msgs/include/turtlebot3_msgs/msg/detail
[15.857s] -- Installing: /home/ubuntu20/CODE/code/BMTD3_CODE/install/turtlebot3_msgs/include/turtlebot3_msgs/msg/detail/sound__functions.c
[15.857s] -- Installing: /home/ubuntu20/CODE/code/BMTD3_CODE/install/turtlebot3_msgs/include/turtlebot3_msgs/msg/detail/sensor_state__type_support.h
[15.857s] -- Installing: /home/ubuntu20/CODE/code/BMTD3_CODE/install/turtlebot3_msgs/include/turtlebot3_msgs/msg/detail/sensor_state__functions.h
[15.857s] -- Installing: /home/ubuntu20/CODE/code/BMTD3_CODE/install/turtlebot3_msgs/include/turtlebot3_msgs/msg/detail/sound__type_support.h
[15.857s] -- Installing: /home/ubuntu20/CODE/code/BMTD3_CODE/install/turtlebot3_msgs/include/turtlebot3_msgs/msg/detail/sound__struct.h
[15.858s] -- Installing: /home/ubuntu20/CODE/code/BMTD3_CODE/install/turtlebot3_msgs/include/turtlebot3_msgs/msg/detail/version_info__functions.h
[15.858s] -- Installing: /home/ubuntu20/CODE/code/BMTD3_CODE/install/turtlebot3_msgs/include/turtlebot3_msgs/msg/detail/version_info__struct.h
[15.858s] -- Installing: /home/ubuntu20/CODE/code/BMTD3_CODE/install/turtlebot3_msgs/include/turtlebot3_msgs/msg/detail/sensor_state__struct.h
[15.858s] -- Installing: /home/ubuntu20/CODE/code/BMTD3_CODE/install/turtlebot3_msgs/include/turtlebot3_msgs/msg/detail/version_info__functions.c
[15.859s] -- Installing: /home/ubuntu20/CODE/code/BMTD3_CODE/install/turtlebot3_msgs/include/turtlebot3_msgs/msg/detail/version_info__type_support.h
[15.859s] -- Installing: /home/ubuntu20/CODE/code/BMTD3_CODE/install/turtlebot3_msgs/include/turtlebot3_msgs/msg/detail/sensor_state__functions.c
[15.859s] -- Installing: /home/ubuntu20/CODE/code/BMTD3_CODE/install/turtlebot3_msgs/include/turtlebot3_msgs/msg/detail/sound__functions.h
[15.859s] -- Installing: /home/ubuntu20/CODE/code/BMTD3_CODE/install/turtlebot3_msgs/include/turtlebot3_msgs/msg/version_info.h
[15.859s] -- Installing: /home/ubuntu20/CODE/code/BMTD3_CODE/install/turtlebot3_msgs/include/turtlebot3_msgs/msg/rosidl_generator_c__visibility_control.h
[15.860s] -- Installing: /home/ubuntu20/CODE/code/BMTD3_CODE/install/turtlebot3_msgs/share/turtlebot3_msgs/environment/library_path.sh
[15.860s] -- Installing: /home/ubuntu20/CODE/code/BMTD3_CODE/install/turtlebot3_msgs/share/turtlebot3_msgs/environment/library_path.dsv
[15.860s] -- Installing: /home/ubuntu20/CODE/code/BMTD3_CODE/install/turtlebot3_msgs/lib/libturtlebot3_msgs__rosidl_generator_c.so
[15.860s] -- Set runtime path of "/home/ubuntu20/CODE/code/BMTD3_CODE/install/turtlebot3_msgs/lib/libturtlebot3_msgs__rosidl_generator_c.so" to ""
[15.860s] -- Up-to-date: /home/ubuntu20/CODE/code/BMTD3_CODE/install/turtlebot3_msgs/include/turtlebot3_msgs
[15.861s] -- Up-to-date: /home/ubuntu20/CODE/code/BMTD3_CODE/install/turtlebot3_msgs/include/turtlebot3_msgs/srv
[15.861s] -- Up-to-date: /home/ubuntu20/CODE/code/BMTD3_CODE/install/turtlebot3_msgs/include/turtlebot3_msgs/srv/detail
[15.861s] -- Installing: /home/ubuntu20/CODE/code/BMTD3_CODE/install/turtlebot3_msgs/include/turtlebot3_msgs/srv/detail/ring_goal__rosidl_typesupport_fastrtps_c.h
[15.861s] -- Installing: /home/ubuntu20/CODE/code/BMTD3_CODE/install/turtlebot3_msgs/include/turtlebot3_msgs/srv/detail/goal__rosidl_typesupport_fastrtps_c.h
[15.861s] -- Installing: /home/ubuntu20/CODE/code/BMTD3_CODE/install/turtlebot3_msgs/include/turtlebot3_msgs/srv/detail/drl_step__rosidl_typesupport_fastrtps_c.h
[15.862s] -- Installing: /home/ubuntu20/CODE/code/BMTD3_CODE/install/turtlebot3_msgs/include/turtlebot3_msgs/srv/detail/sound__rosidl_typesupport_fastrtps_c.h
[15.862s] -- Up-to-date: /home/ubuntu20/CODE/code/BMTD3_CODE/install/turtlebot3_msgs/include/turtlebot3_msgs/action
[15.862s] -- Up-to-date: /home/ubuntu20/CODE/code/BMTD3_CODE/install/turtlebot3_msgs/include/turtlebot3_msgs/action/detail
[15.862s] -- Installing: /home/ubuntu20/CODE/code/BMTD3_CODE/install/turtlebot3_msgs/include/turtlebot3_msgs/action/detail/patrol__rosidl_typesupport_fastrtps_c.h
[15.863s] -- Up-to-date: /home/ubuntu20/CODE/code/BMTD3_CODE/install/turtlebot3_msgs/include/turtlebot3_msgs/msg
[15.863s] -- Up-to-date: /home/ubuntu20/CODE/code/BMTD3_CODE/install/turtlebot3_msgs/include/turtlebot3_msgs/msg/detail
[15.863s] -- Installing: /home/ubuntu20/CODE/code/BMTD3_CODE/install/turtlebot3_msgs/include/turtlebot3_msgs/msg/detail/sensor_state__rosidl_typesupport_fastrtps_c.h
[15.863s] -- Installing: /home/ubuntu20/CODE/code/BMTD3_CODE/install/turtlebot3_msgs/include/turtlebot3_msgs/msg/detail/version_info__rosidl_typesupport_fastrtps_c.h
[15.863s] -- Installing: /home/ubuntu20/CODE/code/BMTD3_CODE/install/turtlebot3_msgs/include/turtlebot3_msgs/msg/detail/sound__rosidl_typesupport_fastrtps_c.h
[15.863s] -- Installing: /home/ubuntu20/CODE/code/BMTD3_CODE/install/turtlebot3_msgs/include/turtlebot3_msgs/msg/rosidl_typesupport_fastrtps_c__visibility_control.h
[15.864s] -- Installing: /home/ubuntu20/CODE/code/BMTD3_CODE/install/turtlebot3_msgs/lib/libturtlebot3_msgs__rosidl_typesupport_fastrtps_c.so
[15.864s] -- Set runtime path of "/home/ubuntu20/CODE/code/BMTD3_CODE/install/turtlebot3_msgs/lib/libturtlebot3_msgs__rosidl_typesupport_fastrtps_c.so" to ""
[15.864s] -- Up-to-date: /home/ubuntu20/CODE/code/BMTD3_CODE/install/turtlebot3_msgs/include/turtlebot3_msgs
[15.864s] -- Up-to-date: /home/ubuntu20/CODE/code/BMTD3_CODE/install/turtlebot3_msgs/include/turtlebot3_msgs/srv
[15.864s] -- Up-to-date: /home/ubuntu20/CODE/code/BMTD3_CODE/install/turtlebot3_msgs/include/turtlebot3_msgs/srv/detail
[15.865s] -- Installing: /home/ubuntu20/CODE/code/BMTD3_CODE/install/turtlebot3_msgs/include/turtlebot3_msgs/srv/detail/goal__rosidl_typesupport_fastrtps_cpp.hpp
[15.865s] -- Installing: /home/ubuntu20/CODE/code/BMTD3_CODE/install/turtlebot3_msgs/include/turtlebot3_msgs/srv/detail/ring_goal__rosidl_typesupport_fastrtps_cpp.hpp
[15.865s] -- Installing: /home/ubuntu20/CODE/code/BMTD3_CODE/install/turtlebot3_msgs/include/turtlebot3_msgs/srv/detail/drl_step__rosidl_typesupport_fastrtps_cpp.hpp
[15.865s] -- Installing: /home/ubuntu20/CODE/code/BMTD3_CODE/install/turtlebot3_msgs/include/turtlebot3_msgs/srv/detail/dds_fastrtps
[15.866s] -- Installing: /home/ubuntu20/CODE/code/BMTD3_CODE/install/turtlebot3_msgs/include/turtlebot3_msgs/srv/detail/sound__rosidl_typesupport_fastrtps_cpp.hpp
[15.866s] -- Up-to-date: /home/ubuntu20/CODE/code/BMTD3_CODE/install/turtlebot3_msgs/include/turtlebot3_msgs/action
[15.866s] -- Up-to-date: /home/ubuntu20/CODE/code/BMTD3_CODE/install/turtlebot3_msgs/include/turtlebot3_msgs/action/detail
[15.866s] -- Installing: /home/ubuntu20/CODE/code/BMTD3_CODE/install/turtlebot3_msgs/include/turtlebot3_msgs/action/detail/patrol__rosidl_typesupport_fastrtps_cpp.hpp
[15.866s] -- Installing: /home/ubuntu20/CODE/code/BMTD3_CODE/install/turtlebot3_msgs/include/turtlebot3_msgs/action/detail/dds_fastrtps
[15.867s] -- Up-to-date: /home/ubuntu20/CODE/code/BMTD3_CODE/install/turtlebot3_msgs/include/turtlebot3_msgs/msg
[15.867s] -- Installing: /home/ubuntu20/CODE/code/BMTD3_CODE/install/turtlebot3_msgs/include/turtlebot3_msgs/msg/rosidl_typesupport_fastrtps_cpp__visibility_control.h
[15.867s] -- Up-to-date: /home/ubuntu20/CODE/code/BMTD3_CODE/install/turtlebot3_msgs/include/turtlebot3_msgs/msg/detail
[15.867s] -- Installing: /home/ubuntu20/CODE/code/BMTD3_CODE/install/turtlebot3_msgs/include/turtlebot3_msgs/msg/detail/version_info__rosidl_typesupport_fastrtps_cpp.hpp
[15.867s] -- Installing: /home/ubuntu20/CODE/code/BMTD3_CODE/install/turtlebot3_msgs/include/turtlebot3_msgs/msg/detail/dds_fastrtps
[15.868s] -- Installing: /home/ubuntu20/CODE/code/BMTD3_CODE/install/turtlebot3_msgs/include/turtlebot3_msgs/msg/detail/sensor_state__rosidl_typesupport_fastrtps_cpp.hpp
[15.868s] -- Installing: /home/ubuntu20/CODE/code/BMTD3_CODE/install/turtlebot3_msgs/include/turtlebot3_msgs/msg/detail/sound__rosidl_typesupport_fastrtps_cpp.hpp
[15.868s] -- Installing: /home/ubuntu20/CODE/code/BMTD3_CODE/install/turtlebot3_msgs/lib/libturtlebot3_msgs__rosidl_typesupport_fastrtps_cpp.so
[15.868s] -- Set runtime path of "/home/ubuntu20/CODE/code/BMTD3_CODE/install/turtlebot3_msgs/lib/libturtlebot3_msgs__rosidl_typesupport_fastrtps_cpp.so" to ""
[15.868s] -- Up-to-date: /home/ubuntu20/CODE/code/BMTD3_CODE/install/turtlebot3_msgs/include/turtlebot3_msgs
[15.869s] -- Up-to-date: /home/ubuntu20/CODE/code/BMTD3_CODE/install/turtlebot3_msgs/include/turtlebot3_msgs/srv
[15.869s] -- Up-to-date: /home/ubuntu20/CODE/code/BMTD3_CODE/install/turtlebot3_msgs/include/turtlebot3_msgs/srv/detail
[15.869s] -- Installing: /home/ubuntu20/CODE/code/BMTD3_CODE/install/turtlebot3_msgs/include/turtlebot3_msgs/srv/detail/goal__rosidl_typesupport_introspection_c.h
[15.869s] -- Installing: /home/ubuntu20/CODE/code/BMTD3_CODE/install/turtlebot3_msgs/include/turtlebot3_msgs/srv/detail/goal__type_support.c
[15.870s] -- Installing: /home/ubuntu20/CODE/code/BMTD3_CODE/install/turtlebot3_msgs/include/turtlebot3_msgs/srv/detail/drl_step__rosidl_typesupport_introspection_c.h
[15.870s] -- Installing: /home/ubuntu20/CODE/code/BMTD3_CODE/install/turtlebot3_msgs/include/turtlebot3_msgs/srv/detail/ring_goal__type_support.c
[15.870s] -- Installing: /home/ubuntu20/CODE/code/BMTD3_CODE/install/turtlebot3_msgs/include/turtlebot3_msgs/srv/detail/ring_goal__rosidl_typesupport_introspection_c.h
[15.870s] -- Installing: /home/ubuntu20/CODE/code/BMTD3_CODE/install/turtlebot3_msgs/include/turtlebot3_msgs/srv/detail/sound__type_support.c
[15.870s] -- Installing: /home/ubuntu20/CODE/code/BMTD3_CODE/install/turtlebot3_msgs/include/turtlebot3_msgs/srv/detail/sound__rosidl_typesupport_introspection_c.h
[15.871s] -- Installing: /home/ubuntu20/CODE/code/BMTD3_CODE/install/turtlebot3_msgs/include/turtlebot3_msgs/srv/detail/drl_step__type_support.c
[15.871s] -- Up-to-date: /home/ubuntu20/CODE/code/BMTD3_CODE/install/turtlebot3_msgs/include/turtlebot3_msgs/action
[15.871s] -- Up-to-date: /home/ubuntu20/CODE/code/BMTD3_CODE/install/turtlebot3_msgs/include/turtlebot3_msgs/action/detail
[15.871s] -- Installing: /home/ubuntu20/CODE/code/BMTD3_CODE/install/turtlebot3_msgs/include/turtlebot3_msgs/action/detail/patrol__rosidl_typesupport_introspection_c.h
[15.871s] -- Installing: /home/ubuntu20/CODE/code/BMTD3_CODE/install/turtlebot3_msgs/include/turtlebot3_msgs/action/detail/patrol__type_support.c
[15.872s] -- Up-to-date: /home/ubuntu20/CODE/code/BMTD3_CODE/install/turtlebot3_msgs/include/turtlebot3_msgs/msg
[15.872s] -- Up-to-date: /home/ubuntu20/CODE/code/BMTD3_CODE/install/turtlebot3_msgs/include/turtlebot3_msgs/msg/detail
[15.872s] -- Installing: /home/ubuntu20/CODE/code/BMTD3_CODE/install/turtlebot3_msgs/include/turtlebot3_msgs/msg/detail/sensor_state__type_support.c
[15.872s] -- Installing: /home/ubuntu20/CODE/code/BMTD3_CODE/install/turtlebot3_msgs/include/turtlebot3_msgs/msg/detail/version_info__rosidl_typesupport_introspection_c.h
[15.873s] -- Installing: /home/ubuntu20/CODE/code/BMTD3_CODE/install/turtlebot3_msgs/include/turtlebot3_msgs/msg/detail/version_info__type_support.c
[15.873s] -- Installing: /home/ubuntu20/CODE/code/BMTD3_CODE/install/turtlebot3_msgs/include/turtlebot3_msgs/msg/detail/sound__type_support.c
[15.873s] -- Installing: /home/ubuntu20/CODE/code/BMTD3_CODE/install/turtlebot3_msgs/include/turtlebot3_msgs/msg/detail/sound__rosidl_typesupport_introspection_c.h
[15.873s] -- Installing: /home/ubuntu20/CODE/code/BMTD3_CODE/install/turtlebot3_msgs/include/turtlebot3_msgs/msg/detail/sensor_state__rosidl_typesupport_introspection_c.h
[15.873s] -- Installing: /home/ubuntu20/CODE/code/BMTD3_CODE/install/turtlebot3_msgs/include/turtlebot3_msgs/msg/rosidl_typesupport_introspection_c__visibility_control.h
[15.873s] -- Installing: /home/ubuntu20/CODE/code/BMTD3_CODE/install/turtlebot3_msgs/lib/libturtlebot3_msgs__rosidl_typesupport_introspection_c.so
[15.874s] -- Set runtime path of "/home/ubuntu20/CODE/code/BMTD3_CODE/install/turtlebot3_msgs/lib/libturtlebot3_msgs__rosidl_typesupport_introspection_c.so" to ""
[15.874s] -- Installing: /home/ubuntu20/CODE/code/BMTD3_CODE/install/turtlebot3_msgs/lib/libturtlebot3_msgs__rosidl_typesupport_c.so
[15.874s] -- Set runtime path of "/home/ubuntu20/CODE/code/BMTD3_CODE/install/turtlebot3_msgs/lib/libturtlebot3_msgs__rosidl_typesupport_c.so" to ""
[15.874s] -- Up-to-date: /home/ubuntu20/CODE/code/BMTD3_CODE/install/turtlebot3_msgs/include/turtlebot3_msgs
[15.874s] -- Up-to-date: /home/ubuntu20/CODE/code/BMTD3_CODE/install/turtlebot3_msgs/include/turtlebot3_msgs/srv
[15.874s] -- Installing: /home/ubuntu20/CODE/code/BMTD3_CODE/install/turtlebot3_msgs/include/turtlebot3_msgs/srv/sound.hpp
[15.875s] -- Up-to-date: /home/ubuntu20/CODE/code/BMTD3_CODE/install/turtlebot3_msgs/include/turtlebot3_msgs/srv/detail
[15.875s] -- Installing: /home/ubuntu20/CODE/code/BMTD3_CODE/install/turtlebot3_msgs/include/turtlebot3_msgs/srv/detail/drl_step__builder.hpp
[15.875s] -- Installing: /home/ubuntu20/CODE/code/BMTD3_CODE/install/turtlebot3_msgs/include/turtlebot3_msgs/srv/detail/ring_goal__struct.hpp
[15.875s] -- Installing: /home/ubuntu20/CODE/code/BMTD3_CODE/install/turtlebot3_msgs/include/turtlebot3_msgs/srv/detail/sound__builder.hpp
[15.875s] -- Installing: /home/ubuntu20/CODE/code/BMTD3_CODE/install/turtlebot3_msgs/include/turtlebot3_msgs/srv/detail/ring_goal__type_support.hpp
[15.876s] -- Installing: /home/ubuntu20/CODE/code/BMTD3_CODE/install/turtlebot3_msgs/include/turtlebot3_msgs/srv/detail/ring_goal__builder.hpp
[15.876s] -- Installing: /home/ubuntu20/CODE/code/BMTD3_CODE/install/turtlebot3_msgs/include/turtlebot3_msgs/srv/detail/goal__builder.hpp
[15.876s] -- Installing: /home/ubuntu20/CODE/code/BMTD3_CODE/install/turtlebot3_msgs/include/turtlebot3_msgs/srv/detail/sound__type_support.hpp
[15.876s] -- Installing: /home/ubuntu20/CODE/code/BMTD3_CODE/install/turtlebot3_msgs/include/turtlebot3_msgs/srv/detail/drl_step__traits.hpp
[15.876s] -- Installing: /home/ubuntu20/CODE/code/BMTD3_CODE/install/turtlebot3_msgs/include/turtlebot3_msgs/srv/detail/sound__struct.hpp
[15.876s] -- Installing: /home/ubuntu20/CODE/code/BMTD3_CODE/install/turtlebot3_msgs/include/turtlebot3_msgs/srv/detail/goal__struct.hpp
[15.876s] -- Installing: /home/ubuntu20/CODE/code/BMTD3_CODE/install/turtlebot3_msgs/include/turtlebot3_msgs/srv/detail/goal__type_support.hpp
[15.877s] -- Installing: /home/ubuntu20/CODE/code/BMTD3_CODE/install/turtlebot3_msgs/include/turtlebot3_msgs/srv/detail/drl_step__struct.hpp
[15.877s] -- Installing: /home/ubuntu20/CODE/code/BMTD3_CODE/install/turtlebot3_msgs/include/turtlebot3_msgs/srv/detail/goal__traits.hpp
[15.877s] -- Installing: /home/ubuntu20/CODE/code/BMTD3_CODE/install/turtlebot3_msgs/include/turtlebot3_msgs/srv/detail/sound__traits.hpp
[15.877s] -- Installing: /home/ubuntu20/CODE/code/BMTD3_CODE/install/turtlebot3_msgs/include/turtlebot3_msgs/srv/detail/drl_step__type_support.hpp
[15.877s] -- Installing: /home/ubuntu20/CODE/code/BMTD3_CODE/install/turtlebot3_msgs/include/turtlebot3_msgs/srv/detail/ring_goal__traits.hpp
[15.877s] -- Installing: /home/ubuntu20/CODE/code/BMTD3_CODE/install/turtlebot3_msgs/include/turtlebot3_msgs/srv/ring_goal.hpp
[15.878s] -- Installing: /home/ubuntu20/CODE/code/BMTD3_CODE/install/turtlebot3_msgs/include/turtlebot3_msgs/srv/goal.hpp
[15.878s] -- Installing: /home/ubuntu20/CODE/code/BMTD3_CODE/install/turtlebot3_msgs/include/turtlebot3_msgs/srv/drl_step.hpp
[15.878s] -- Up-to-date: /home/ubuntu20/CODE/code/BMTD3_CODE/install/turtlebot3_msgs/include/turtlebot3_msgs/action
[15.878s] -- Up-to-date: /home/ubuntu20/CODE/code/BMTD3_CODE/install/turtlebot3_msgs/include/turtlebot3_msgs/action/detail
[15.878s] -- Installing: /home/ubuntu20/CODE/code/BMTD3_CODE/install/turtlebot3_msgs/include/turtlebot3_msgs/action/detail/patrol__type_support.hpp
[15.878s] -- Installing: /home/ubuntu20/CODE/code/BMTD3_CODE/install/turtlebot3_msgs/include/turtlebot3_msgs/action/detail/patrol__struct.hpp
[15.879s] -- Installing: /home/ubuntu20/CODE/code/BMTD3_CODE/install/turtlebot3_msgs/include/turtlebot3_msgs/action/detail/patrol__traits.hpp
[15.879s] -- Installing: /home/ubuntu20/CODE/code/BMTD3_CODE/install/turtlebot3_msgs/include/turtlebot3_msgs/action/detail/patrol__builder.hpp
[15.879s] -- Installing: /home/ubuntu20/CODE/code/BMTD3_CODE/install/turtlebot3_msgs/include/turtlebot3_msgs/action/patrol.hpp
[15.879s] -- Up-to-date: /home/ubuntu20/CODE/code/BMTD3_CODE/install/turtlebot3_msgs/include/turtlebot3_msgs/msg
[15.879s] -- Installing: /home/ubuntu20/CODE/code/BMTD3_CODE/install/turtlebot3_msgs/include/turtlebot3_msgs/msg/sound.hpp
[15.879s] -- Installing: /home/ubuntu20/CODE/code/BMTD3_CODE/install/turtlebot3_msgs/include/turtlebot3_msgs/msg/version_info.hpp
[15.880s] -- Up-to-date: /home/ubuntu20/CODE/code/BMTD3_CODE/install/turtlebot3_msgs/include/turtlebot3_msgs/msg/detail
[15.880s] -- Installing: /home/ubuntu20/CODE/code/BMTD3_CODE/install/turtlebot3_msgs/include/turtlebot3_msgs/msg/detail/sound__builder.hpp
[15.880s] -- Installing: /home/ubuntu20/CODE/code/BMTD3_CODE/install/turtlebot3_msgs/include/turtlebot3_msgs/msg/detail/sensor_state__traits.hpp
[15.880s] -- Installing: /home/ubuntu20/CODE/code/BMTD3_CODE/install/turtlebot3_msgs/include/turtlebot3_msgs/msg/detail/sound__type_support.hpp
[15.880s] -- Installing: /home/ubuntu20/CODE/code/BMTD3_CODE/install/turtlebot3_msgs/include/turtlebot3_msgs/msg/detail/version_info__struct.hpp
[15.880s] -- Installing: /home/ubuntu20/CODE/code/BMTD3_CODE/install/turtlebot3_msgs/include/turtlebot3_msgs/msg/detail/version_info__traits.hpp
[15.881s] -- Installing: /home/ubuntu20/CODE/code/BMTD3_CODE/install/turtlebot3_msgs/include/turtlebot3_msgs/msg/detail/sound__struct.hpp
[15.881s] -- Installing: /home/ubuntu20/CODE/code/BMTD3_CODE/install/turtlebot3_msgs/include/turtlebot3_msgs/msg/detail/version_info__type_support.hpp
[15.881s] -- Installing: /home/ubuntu20/CODE/code/BMTD3_CODE/install/turtlebot3_msgs/include/turtlebot3_msgs/msg/detail/sound__traits.hpp
[15.881s] -- Installing: /home/ubuntu20/CODE/code/BMTD3_CODE/install/turtlebot3_msgs/include/turtlebot3_msgs/msg/detail/sensor_state__struct.hpp
[15.881s] -- Installing: /home/ubuntu20/CODE/code/BMTD3_CODE/install/turtlebot3_msgs/include/turtlebot3_msgs/msg/detail/sensor_state__builder.hpp
[15.881s] -- Installing: /home/ubuntu20/CODE/code/BMTD3_CODE/install/turtlebot3_msgs/include/turtlebot3_msgs/msg/detail/sensor_state__type_support.hpp
[15.882s] -- Installing: /home/ubuntu20/CODE/code/BMTD3_CODE/install/turtlebot3_msgs/include/turtlebot3_msgs/msg/detail/version_info__builder.hpp
[15.882s] -- Installing: /home/ubuntu20/CODE/code/BMTD3_CODE/install/turtlebot3_msgs/include/turtlebot3_msgs/msg/rosidl_generator_cpp__visibility_control.hpp
[15.882s] -- Installing: /home/ubuntu20/CODE/code/BMTD3_CODE/install/turtlebot3_msgs/include/turtlebot3_msgs/msg/sensor_state.hpp
[15.882s] -- Up-to-date: /home/ubuntu20/CODE/code/BMTD3_CODE/install/turtlebot3_msgs/include/turtlebot3_msgs
[15.882s] -- Up-to-date: /home/ubuntu20/CODE/code/BMTD3_CODE/install/turtlebot3_msgs/include/turtlebot3_msgs/srv
[15.882s] -- Up-to-date: /home/ubuntu20/CODE/code/BMTD3_CODE/install/turtlebot3_msgs/include/turtlebot3_msgs/srv/detail
[15.883s] -- Installing: /home/ubuntu20/CODE/code/BMTD3_CODE/install/turtlebot3_msgs/include/turtlebot3_msgs/srv/detail/drl_step__type_support.cpp
[15.883s] -- Installing: /home/ubuntu20/CODE/code/BMTD3_CODE/install/turtlebot3_msgs/include/turtlebot3_msgs/srv/detail/sound__type_support.cpp
[15.883s] -- Installing: /home/ubuntu20/CODE/code/BMTD3_CODE/install/turtlebot3_msgs/include/turtlebot3_msgs/srv/detail/ring_goal__rosidl_typesupport_introspection_cpp.hpp
[15.883s] -- Installing: /home/ubuntu20/CODE/code/BMTD3_CODE/install/turtlebot3_msgs/include/turtlebot3_msgs/srv/detail/goal__type_support.cpp
[15.883s] -- Installing: /home/ubuntu20/CODE/code/BMTD3_CODE/install/turtlebot3_msgs/include/turtlebot3_msgs/srv/detail/ring_goal__type_support.cpp
[15.883s] -- Installing: /home/ubuntu20/CODE/code/BMTD3_CODE/install/turtlebot3_msgs/include/turtlebot3_msgs/srv/detail/drl_step__rosidl_typesupport_introspection_cpp.hpp
[15.883s] -- Installing: /home/ubuntu20/CODE/code/BMTD3_CODE/install/turtlebot3_msgs/include/turtlebot3_msgs/srv/detail/goal__rosidl_typesupport_introspection_cpp.hpp
[15.884s] -- Installing: /home/ubuntu20/CODE/code/BMTD3_CODE/install/turtlebot3_msgs/include/turtlebot3_msgs/srv/detail/sound__rosidl_typesupport_introspection_cpp.hpp
[15.884s] -- Up-to-date: /home/ubuntu20/CODE/code/BMTD3_CODE/install/turtlebot3_msgs/include/turtlebot3_msgs/action
[15.884s] -- Up-to-date: /home/ubuntu20/CODE/code/BMTD3_CODE/install/turtlebot3_msgs/include/turtlebot3_msgs/action/detail
[15.884s] -- Installing: /home/ubuntu20/CODE/code/BMTD3_CODE/install/turtlebot3_msgs/include/turtlebot3_msgs/action/detail/patrol__rosidl_typesupport_introspection_cpp.hpp
[15.884s] -- Installing: /home/ubuntu20/CODE/code/BMTD3_CODE/install/turtlebot3_msgs/include/turtlebot3_msgs/action/detail/patrol__type_support.cpp
[15.884s] -- Up-to-date: /home/ubuntu20/CODE/code/BMTD3_CODE/install/turtlebot3_msgs/include/turtlebot3_msgs/msg
[15.885s] -- Up-to-date: /home/ubuntu20/CODE/code/BMTD3_CODE/install/turtlebot3_msgs/include/turtlebot3_msgs/msg/detail
[15.885s] -- Installing: /home/ubuntu20/CODE/code/BMTD3_CODE/install/turtlebot3_msgs/include/turtlebot3_msgs/msg/detail/sound__type_support.cpp
[15.885s] -- Installing: /home/ubuntu20/CODE/code/BMTD3_CODE/install/turtlebot3_msgs/include/turtlebot3_msgs/msg/detail/version_info__type_support.cpp
[15.885s] -- Installing: /home/ubuntu20/CODE/code/BMTD3_CODE/install/turtlebot3_msgs/include/turtlebot3_msgs/msg/detail/version_info__rosidl_typesupport_introspection_cpp.hpp
[15.885s] -- Installing: /home/ubuntu20/CODE/code/BMTD3_CODE/install/turtlebot3_msgs/include/turtlebot3_msgs/msg/detail/sensor_state__rosidl_typesupport_introspection_cpp.hpp
[15.885s] -- Installing: /home/ubuntu20/CODE/code/BMTD3_CODE/install/turtlebot3_msgs/include/turtlebot3_msgs/msg/detail/sound__rosidl_typesupport_introspection_cpp.hpp
[15.886s] -- Installing: /home/ubuntu20/CODE/code/BMTD3_CODE/install/turtlebot3_msgs/include/turtlebot3_msgs/msg/detail/sensor_state__type_support.cpp
[15.886s] -- Installing: /home/ubuntu20/CODE/code/BMTD3_CODE/install/turtlebot3_msgs/lib/libturtlebot3_msgs__rosidl_typesupport_introspection_cpp.so
[15.886s] -- Set runtime path of "/home/ubuntu20/CODE/code/BMTD3_CODE/install/turtlebot3_msgs/lib/libturtlebot3_msgs__rosidl_typesupport_introspection_cpp.so" to ""
[15.886s] -- Installing: /home/ubuntu20/CODE/code/BMTD3_CODE/install/turtlebot3_msgs/lib/libturtlebot3_msgs__rosidl_typesupport_cpp.so
[15.886s] -- Set runtime path of "/home/ubuntu20/CODE/code/BMTD3_CODE/install/turtlebot3_msgs/lib/libturtlebot3_msgs__rosidl_typesupport_cpp.so" to ""
[15.886s] -- Installing: /home/ubuntu20/CODE/code/BMTD3_CODE/install/turtlebot3_msgs/share/turtlebot3_msgs/environment/pythonpath.sh
[15.887s] -- Installing: /home/ubuntu20/CODE/code/BMTD3_CODE/install/turtlebot3_msgs/share/turtlebot3_msgs/environment/pythonpath.dsv
[15.887s] -- Installing: /home/ubuntu20/CODE/code/BMTD3_CODE/install/turtlebot3_msgs/lib/python3.8/site-packages/turtlebot3_msgs/__init__.py
[15.908s] Compiling '/home/ubuntu20/CODE/code/BMTD3_CODE/install/turtlebot3_msgs/lib/python3.8/site-packages/turtlebot3_msgs/__init__.py'...
[15.913s] -- Installing: /home/ubuntu20/CODE/code/BMTD3_CODE/install/turtlebot3_msgs/lib/python3.8/site-packages/turtlebot3_msgs/msg
[15.913s] -- Installing: /home/ubuntu20/CODE/code/BMTD3_CODE/install/turtlebot3_msgs/lib/python3.8/site-packages/turtlebot3_msgs/msg/_version_info_s.c
[15.913s] -- Installing: /home/ubuntu20/CODE/code/BMTD3_CODE/install/turtlebot3_msgs/lib/python3.8/site-packages/turtlebot3_msgs/msg/_sensor_state.py
[15.913s] -- Installing: /home/ubuntu20/CODE/code/BMTD3_CODE/install/turtlebot3_msgs/lib/python3.8/site-packages/turtlebot3_msgs/msg/_sound.py
[15.913s] -- Installing: /home/ubuntu20/CODE/code/BMTD3_CODE/install/turtlebot3_msgs/lib/python3.8/site-packages/turtlebot3_msgs/msg/_sensor_state_s.c
[15.913s] -- Installing: /home/ubuntu20/CODE/code/BMTD3_CODE/install/turtlebot3_msgs/lib/python3.8/site-packages/turtlebot3_msgs/msg/__init__.py
[15.914s] -- Installing: /home/ubuntu20/CODE/code/BMTD3_CODE/install/turtlebot3_msgs/lib/python3.8/site-packages/turtlebot3_msgs/msg/_sound_s.c
[15.914s] -- Installing: /home/ubuntu20/CODE/code/BMTD3_CODE/install/turtlebot3_msgs/lib/python3.8/site-packages/turtlebot3_msgs/msg/_version_info.py
[15.914s] -- Installing: /home/ubuntu20/CODE/code/BMTD3_CODE/install/turtlebot3_msgs/lib/python3.8/site-packages/turtlebot3_msgs/srv
[15.914s] -- Installing: /home/ubuntu20/CODE/code/BMTD3_CODE/install/turtlebot3_msgs/lib/python3.8/site-packages/turtlebot3_msgs/srv/_ring_goal_s.c
[15.914s] -- Installing: /home/ubuntu20/CODE/code/BMTD3_CODE/install/turtlebot3_msgs/lib/python3.8/site-packages/turtlebot3_msgs/srv/_drl_step_s.c
[15.914s] -- Installing: /home/ubuntu20/CODE/code/BMTD3_CODE/install/turtlebot3_msgs/lib/python3.8/site-packages/turtlebot3_msgs/srv/_sound.py
[15.914s] -- Installing: /home/ubuntu20/CODE/code/BMTD3_CODE/install/turtlebot3_msgs/lib/python3.8/site-packages/turtlebot3_msgs/srv/_goal.py
[15.915s] -- Installing: /home/ubuntu20/CODE/code/BMTD3_CODE/install/turtlebot3_msgs/lib/python3.8/site-packages/turtlebot3_msgs/srv/_drl_step.py
[15.915s] -- Installing: /home/ubuntu20/CODE/code/BMTD3_CODE/install/turtlebot3_msgs/lib/python3.8/site-packages/turtlebot3_msgs/srv/__init__.py
[15.915s] -- Installing: /home/ubuntu20/CODE/code/BMTD3_CODE/install/turtlebot3_msgs/lib/python3.8/site-packages/turtlebot3_msgs/srv/_goal_s.c
[15.915s] -- Installing: /home/ubuntu20/CODE/code/BMTD3_CODE/install/turtlebot3_msgs/lib/python3.8/site-packages/turtlebot3_msgs/srv/_ring_goal.py
[15.915s] -- Installing: /home/ubuntu20/CODE/code/BMTD3_CODE/install/turtlebot3_msgs/lib/python3.8/site-packages/turtlebot3_msgs/srv/_sound_s.c
[15.916s] -- Installing: /home/ubuntu20/CODE/code/BMTD3_CODE/install/turtlebot3_msgs/lib/python3.8/site-packages/turtlebot3_msgs/action
[15.916s] -- Installing: /home/ubuntu20/CODE/code/BMTD3_CODE/install/turtlebot3_msgs/lib/python3.8/site-packages/turtlebot3_msgs/action/_patrol_s.c
[15.916s] -- Installing: /home/ubuntu20/CODE/code/BMTD3_CODE/install/turtlebot3_msgs/lib/python3.8/site-packages/turtlebot3_msgs/action/__init__.py
[15.916s] -- Installing: /home/ubuntu20/CODE/code/BMTD3_CODE/install/turtlebot3_msgs/lib/python3.8/site-packages/turtlebot3_msgs/action/_patrol.py
[15.917s] -- Installing: /home/ubuntu20/CODE/code/BMTD3_CODE/install/turtlebot3_msgs/lib/python3.8/site-packages/turtlebot3_msgs/turtlebot3_msgs_s__rosidl_typesupport_fastrtps_c.cpython-38-x86_64-linux-gnu.so
[15.917s] -- Set runtime path of "/home/ubuntu20/CODE/code/BMTD3_CODE/install/turtlebot3_msgs/lib/python3.8/site-packages/turtlebot3_msgs/turtlebot3_msgs_s__rosidl_typesupport_fastrtps_c.cpython-38-x86_64-linux-gnu.so" to ""
[15.918s] -- Installing: /home/ubuntu20/CODE/code/BMTD3_CODE/install/turtlebot3_msgs/lib/python3.8/site-packages/turtlebot3_msgs/turtlebot3_msgs_s__rosidl_typesupport_introspection_c.cpython-38-x86_64-linux-gnu.so
[15.919s] -- Set runtime path of "/home/ubuntu20/CODE/code/BMTD3_CODE/install/turtlebot3_msgs/lib/python3.8/site-packages/turtlebot3_msgs/turtlebot3_msgs_s__rosidl_typesupport_introspection_c.cpython-38-x86_64-linux-gnu.so" to ""
[15.919s] -- Installing: /home/ubuntu20/CODE/code/BMTD3_CODE/install/turtlebot3_msgs/lib/python3.8/site-packages/turtlebot3_msgs/turtlebot3_msgs_s__rosidl_typesupport_c.cpython-38-x86_64-linux-gnu.so
[15.920s] -- Set runtime path of "/home/ubuntu20/CODE/code/BMTD3_CODE/install/turtlebot3_msgs/lib/python3.8/site-packages/turtlebot3_msgs/turtlebot3_msgs_s__rosidl_typesupport_c.cpython-38-x86_64-linux-gnu.so" to ""
[15.920s] -- Installing: /home/ubuntu20/CODE/code/BMTD3_CODE/install/turtlebot3_msgs/lib/libturtlebot3_msgs__python.so
[15.921s] -- Set runtime path of "/home/ubuntu20/CODE/code/BMTD3_CODE/install/turtlebot3_msgs/lib/libturtlebot3_msgs__python.so" to ""
[15.921s] -- Installing: /home/ubuntu20/CODE/code/BMTD3_CODE/install/turtlebot3_msgs/share/turtlebot3_msgs/msg/SensorState.idl
[15.921s] -- Installing: /home/ubuntu20/CODE/code/BMTD3_CODE/install/turtlebot3_msgs/share/turtlebot3_msgs/msg/Sound.idl
[15.921s] -- Installing: /home/ubuntu20/CODE/code/BMTD3_CODE/install/turtlebot3_msgs/share/turtlebot3_msgs/msg/VersionInfo.idl
[15.921s] -- Installing: /home/ubuntu20/CODE/code/BMTD3_CODE/install/turtlebot3_msgs/share/turtlebot3_msgs/srv/Sound.idl
[15.922s] -- Installing: /home/ubuntu20/CODE/code/BMTD3_CODE/install/turtlebot3_msgs/share/turtlebot3_msgs/srv/DrlStep.idl
[15.922s] -- Installing: /home/ubuntu20/CODE/code/BMTD3_CODE/install/turtlebot3_msgs/share/turtlebot3_msgs/srv/Goal.idl
[15.922s] -- Installing: /home/ubuntu20/CODE/code/BMTD3_CODE/install/turtlebot3_msgs/share/turtlebot3_msgs/srv/RingGoal.idl
[15.922s] -- Installing: /home/ubuntu20/CODE/code/BMTD3_CODE/install/turtlebot3_msgs/share/turtlebot3_msgs/action/Patrol.idl
[15.923s] -- Installing: /home/ubuntu20/CODE/code/BMTD3_CODE/install/turtlebot3_msgs/share/turtlebot3_msgs/msg/SensorState.msg
[15.923s] -- Installing: /home/ubuntu20/CODE/code/BMTD3_CODE/install/turtlebot3_msgs/share/turtlebot3_msgs/msg/Sound.msg
[15.923s] -- Installing: /home/ubuntu20/CODE/code/BMTD3_CODE/install/turtlebot3_msgs/share/turtlebot3_msgs/msg/VersionInfo.msg
[15.923s] -- Installing: /home/ubuntu20/CODE/code/BMTD3_CODE/install/turtlebot3_msgs/share/turtlebot3_msgs/srv/Sound.srv
[15.924s] -- Installing: /home/ubuntu20/CODE/code/BMTD3_CODE/install/turtlebot3_msgs/share/turtlebot3_msgs/srv/Sound_Request.msg
[15.924s] -- Installing: /home/ubuntu20/CODE/code/BMTD3_CODE/install/turtlebot3_msgs/share/turtlebot3_msgs/srv/Sound_Response.msg
[15.924s] -- Installing: /home/ubuntu20/CODE/code/BMTD3_CODE/install/turtlebot3_msgs/share/turtlebot3_msgs/srv/DrlStep.srv
[15.924s] -- Installing: /home/ubuntu20/CODE/code/BMTD3_CODE/install/turtlebot3_msgs/share/turtlebot3_msgs/srv/DrlStep_Request.msg
[15.925s] -- Installing: /home/ubuntu20/CODE/code/BMTD3_CODE/install/turtlebot3_msgs/share/turtlebot3_msgs/srv/DrlStep_Response.msg
[15.925s] -- Installing: /home/ubuntu20/CODE/code/BMTD3_CODE/install/turtlebot3_msgs/share/turtlebot3_msgs/srv/Goal.srv
[15.925s] -- Installing: /home/ubuntu20/CODE/code/BMTD3_CODE/install/turtlebot3_msgs/share/turtlebot3_msgs/srv/Goal_Request.msg
[15.925s] -- Installing: /home/ubuntu20/CODE/code/BMTD3_CODE/install/turtlebot3_msgs/share/turtlebot3_msgs/srv/Goal_Response.msg
[15.926s] -- Installing: /home/ubuntu20/CODE/code/BMTD3_CODE/install/turtlebot3_msgs/share/turtlebot3_msgs/srv/RingGoal.srv
[15.926s] -- Installing: /home/ubuntu20/CODE/code/BMTD3_CODE/install/turtlebot3_msgs/share/turtlebot3_msgs/srv/RingGoal_Request.msg
[15.926s] -- Installing: /home/ubuntu20/CODE/code/BMTD3_CODE/install/turtlebot3_msgs/share/turtlebot3_msgs/srv/RingGoal_Response.msg
[15.926s] -- Installing: /home/ubuntu20/CODE/code/BMTD3_CODE/install/turtlebot3_msgs/share/turtlebot3_msgs/action/Patrol.action
[15.927s] -- Installing: /home/ubuntu20/CODE/code/BMTD3_CODE/install/turtlebot3_msgs/share/ament_index/resource_index/package_run_dependencies/turtlebot3_msgs
[15.927s] -- Installing: /home/ubuntu20/CODE/code/BMTD3_CODE/install/turtlebot3_msgs/share/ament_index/resource_index/parent_prefix_path/turtlebot3_msgs
[15.927s] -- Installing: /home/ubuntu20/CODE/code/BMTD3_CODE/install/turtlebot3_msgs/share/turtlebot3_msgs/environment/ament_prefix_path.sh
[15.927s] -- Installing: /home/ubuntu20/CODE/code/BMTD3_CODE/install/turtlebot3_msgs/share/turtlebot3_msgs/environment/ament_prefix_path.dsv
[15.928s] -- Installing: /home/ubuntu20/CODE/code/BMTD3_CODE/install/turtlebot3_msgs/share/turtlebot3_msgs/environment/path.sh
[15.928s] -- Installing: /home/ubuntu20/CODE/code/BMTD3_CODE/install/turtlebot3_msgs/share/turtlebot3_msgs/environment/path.dsv
[15.928s] -- Installing: /home/ubuntu20/CODE/code/BMTD3_CODE/install/turtlebot3_msgs/share/turtlebot3_msgs/local_setup.bash
[15.928s] -- Installing: /home/ubuntu20/CODE/code/BMTD3_CODE/install/turtlebot3_msgs/share/turtlebot3_msgs/local_setup.sh
[15.928s] -- Installing: /home/ubuntu20/CODE/code/BMTD3_CODE/install/turtlebot3_msgs/share/turtlebot3_msgs/local_setup.zsh
[15.929s] -- Installing: /home/ubuntu20/CODE/code/BMTD3_CODE/install/turtlebot3_msgs/share/turtlebot3_msgs/local_setup.dsv
[15.929s] -- Installing: /home/ubuntu20/CODE/code/BMTD3_CODE/install/turtlebot3_msgs/share/turtlebot3_msgs/package.dsv
[15.929s] -- Installing: /home/ubuntu20/CODE/code/BMTD3_CODE/install/turtlebot3_msgs/share/ament_index/resource_index/packages/turtlebot3_msgs
[15.929s] -- Installing: /home/ubuntu20/CODE/code/BMTD3_CODE/install/turtlebot3_msgs/share/turtlebot3_msgs/cmake/turtlebot3_msgs__rosidl_generator_cExport.cmake
[15.930s] -- Installing: /home/ubuntu20/CODE/code/BMTD3_CODE/install/turtlebot3_msgs/share/turtlebot3_msgs/cmake/turtlebot3_msgs__rosidl_generator_cExport-noconfig.cmake
[15.930s] -- Installing: /home/ubuntu20/CODE/code/BMTD3_CODE/install/turtlebot3_msgs/share/turtlebot3_msgs/cmake/turtlebot3_msgs__rosidl_typesupport_introspection_cExport.cmake
[15.930s] -- Installing: /home/ubuntu20/CODE/code/BMTD3_CODE/install/turtlebot3_msgs/share/turtlebot3_msgs/cmake/turtlebot3_msgs__rosidl_typesupport_introspection_cExport-noconfig.cmake
[15.931s] -- Installing: /home/ubuntu20/CODE/code/BMTD3_CODE/install/turtlebot3_msgs/share/turtlebot3_msgs/cmake/turtlebot3_msgs__rosidl_typesupport_cExport.cmake
[15.931s] -- Installing: /home/ubuntu20/CODE/code/BMTD3_CODE/install/turtlebot3_msgs/share/turtlebot3_msgs/cmake/turtlebot3_msgs__rosidl_typesupport_cExport-noconfig.cmake
[15.931s] -- Installing: /home/ubuntu20/CODE/code/BMTD3_CODE/install/turtlebot3_msgs/share/turtlebot3_msgs/cmake/turtlebot3_msgs__rosidl_generator_cppExport.cmake
[15.931s] -- Installing: /home/ubuntu20/CODE/code/BMTD3_CODE/install/turtlebot3_msgs/share/turtlebot3_msgs/cmake/turtlebot3_msgs__rosidl_typesupport_introspection_cppExport.cmake
[15.931s] -- Installing: /home/ubuntu20/CODE/code/BMTD3_CODE/install/turtlebot3_msgs/share/turtlebot3_msgs/cmake/turtlebot3_msgs__rosidl_typesupport_introspection_cppExport-noconfig.cmake
[15.932s] -- Installing: /home/ubuntu20/CODE/code/BMTD3_CODE/install/turtlebot3_msgs/share/turtlebot3_msgs/cmake/turtlebot3_msgs__rosidl_typesupport_cppExport.cmake
[15.932s] -- Installing: /home/ubuntu20/CODE/code/BMTD3_CODE/install/turtlebot3_msgs/share/turtlebot3_msgs/cmake/turtlebot3_msgs__rosidl_typesupport_cppExport-noconfig.cmake
[15.932s] -- Installing: /home/ubuntu20/CODE/code/BMTD3_CODE/install/turtlebot3_msgs/share/turtlebot3_msgs/cmake/rosidl_cmake-extras.cmake
[15.933s] -- Installing: /home/ubuntu20/CODE/code/BMTD3_CODE/install/turtlebot3_msgs/share/turtlebot3_msgs/cmake/ament_cmake_export_dependencies-extras.cmake
[15.933s] -- Installing: /home/ubuntu20/CODE/code/BMTD3_CODE/install/turtlebot3_msgs/share/turtlebot3_msgs/cmake/ament_cmake_export_libraries-extras.cmake
[15.933s] -- Installing: /home/ubuntu20/CODE/code/BMTD3_CODE/install/turtlebot3_msgs/share/turtlebot3_msgs/cmake/ament_cmake_export_targets-extras.cmake
[15.933s] -- Installing: /home/ubuntu20/CODE/code/BMTD3_CODE/install/turtlebot3_msgs/share/turtlebot3_msgs/cmake/ament_cmake_export_include_directories-extras.cmake
[15.933s] -- Installing: /home/ubuntu20/CODE/code/BMTD3_CODE/install/turtlebot3_msgs/share/turtlebot3_msgs/cmake/rosidl_cmake_export_typesupport_libraries-extras.cmake
[15.934s] -- Installing: /home/ubuntu20/CODE/code/BMTD3_CODE/install/turtlebot3_msgs/share/turtlebot3_msgs/cmake/rosidl_cmake_export_typesupport_targets-extras.cmake
[15.934s] -- Installing: /home/ubuntu20/CODE/code/BMTD3_CODE/install/turtlebot3_msgs/share/turtlebot3_msgs/cmake/turtlebot3_msgsConfig.cmake
[15.934s] -- Installing: /home/ubuntu20/CODE/code/BMTD3_CODE/install/turtlebot3_msgs/share/turtlebot3_msgs/cmake/turtlebot3_msgsConfig-version.cmake
[15.934s] -- Installing: /home/ubuntu20/CODE/code/BMTD3_CODE/install/turtlebot3_msgs/share/turtlebot3_msgs/package.xml
[15.939s] Invoked command in '/home/ubuntu20/CODE/code/BMTD3_CODE/build/turtlebot3_msgs' returned '0': CMAKE_PREFIX_PATH=/opt/ros/foxy /usr/bin/cmake --install /home/ubuntu20/CODE/code/BMTD3_CODE/build/turtlebot3_msgs
