[0.020s] Invoking command in '/home/ubuntu20/CODE/code/BMTD3_CODE/build/turtlebot3_simulations': AMENT_PREFIX_PATH=/home/ubuntu20/CODE/code/BMTD3_CODE/install/turtlebot3_fake_node:/home/ubuntu20/CODE/code/BMTD3_CODE/install/turtlebot3_msgs:/home/ubuntu20/CODE/code/BMTD3_CODE/install/turtlebot3_gazebo:${AMENT_PREFIX_PATH} CMAKE_PREFIX_PATH=/home/ubuntu20/CODE/code/BMTD3_CODE/install/turtlebot3_fake_node:/home/ubuntu20/CODE/code/BMTD3_CODE/install/turtlebot3_msgs:/home/ubuntu20/CODE/code/BMTD3_CODE/install/turtlebot3_gazebo:/opt/ros/foxy LD_LIBRARY_PATH=/home/ubuntu20/CODE/code/BMTD3_CODE/install/turtlebot3_msgs/lib:/usr/lib/x86_64-linux-gnu/gazebo-11/plugins:/opt/ros/foxy/opt/yaml_cpp_vendor/lib:/opt/ros/foxy/opt/rviz_ogre_vendor/lib:/opt/ros/foxy/lib/x86_64-linux-gnu:/opt/ros/foxy/lib:/usr/share/gazebo/../../lib/x86_64-linux-gnu/gazebo-11/plugins PYTHONPATH=/home/ubuntu20/CODE/code/BMTD3_CODE/install/turtlebot3_msgs/lib/python3.8/site-packages:${PYTHONPATH} /usr/bin/cmake /home/ubuntu20/CODE/code/BMTD3_CODE/src/turtlebot3_simulations/turtlebot3_simulations -DCMAKE_INSTALL_PREFIX=/home/ubuntu20/CODE/code/BMTD3_CODE/install/turtlebot3_simulations
[0.097s] -- The C compiler identification is GNU 9.4.0
[0.173s] -- The CXX compiler identification is GNU 9.4.0
[0.180s] -- Check for working C compiler: /usr/bin/cc
[0.290s] -- Check for working C compiler: /usr/bin/cc -- works
[0.292s] -- Detecting C compiler ABI info
[0.403s] -- Detecting C compiler ABI info - done
[0.419s] -- Detecting C compile features
[0.419s] -- Detecting C compile features - done
[0.422s] -- Check for working CXX compiler: /usr/bin/c++
[0.550s] -- Check for working CXX compiler: /usr/bin/c++ -- works
[0.551s] -- Detecting CXX compiler ABI info
[0.669s] -- Detecting CXX compiler ABI info - done
[0.684s] -- Detecting CXX compile features
[0.685s] -- Detecting CXX compile features - done
[0.688s] -- Found ament_cmake: 0.9.12 (/opt/ros/foxy/share/ament_cmake/cmake)
[0.718s] -- Found PythonInterp: /usr/bin/python3 (found suitable version "3.8.10", minimum required is "3") 
[0.718s] -- Using PYTHON_EXECUTABLE: /usr/bin/python3
[1.028s] -- Configuring done
[1.030s] -- Generating done
[1.031s] -- Build files have been written to: /home/ubuntu20/CODE/code/BMTD3_CODE/build/turtlebot3_simulations
[1.035s] Invoked command in '/home/ubuntu20/CODE/code/BMTD3_CODE/build/turtlebot3_simulations' returned '0': AMENT_PREFIX_PATH=/home/ubuntu20/CODE/code/BMTD3_CODE/install/turtlebot3_fake_node:/home/ubuntu20/CODE/code/BMTD3_CODE/install/turtlebot3_msgs:/home/ubuntu20/CODE/code/BMTD3_CODE/install/turtlebot3_gazebo:${AMENT_PREFIX_PATH} CMAKE_PREFIX_PATH=/home/ubuntu20/CODE/code/BMTD3_CODE/install/turtlebot3_fake_node:/home/ubuntu20/CODE/code/BMTD3_CODE/install/turtlebot3_msgs:/home/ubuntu20/CODE/code/BMTD3_CODE/install/turtlebot3_gazebo:/opt/ros/foxy LD_LIBRARY_PATH=/home/ubuntu20/CODE/code/BMTD3_CODE/install/turtlebot3_msgs/lib:/usr/lib/x86_64-linux-gnu/gazebo-11/plugins:/opt/ros/foxy/opt/yaml_cpp_vendor/lib:/opt/ros/foxy/opt/rviz_ogre_vendor/lib:/opt/ros/foxy/lib/x86_64-linux-gnu:/opt/ros/foxy/lib:/usr/share/gazebo/../../lib/x86_64-linux-gnu/gazebo-11/plugins PYTHONPATH=/home/ubuntu20/CODE/code/BMTD3_CODE/install/turtlebot3_msgs/lib/python3.8/site-packages:${PYTHONPATH} /usr/bin/cmake /home/ubuntu20/CODE/code/BMTD3_CODE/src/turtlebot3_simulations/turtlebot3_simulations -DCMAKE_INSTALL_PREFIX=/home/ubuntu20/CODE/code/BMTD3_CODE/install/turtlebot3_simulations
[1.041s] Invoking command in '/home/ubuntu20/CODE/code/BMTD3_CODE/build/turtlebot3_simulations': AMENT_PREFIX_PATH=/home/ubuntu20/CODE/code/BMTD3_CODE/install/turtlebot3_fake_node:/home/ubuntu20/CODE/code/BMTD3_CODE/install/turtlebot3_msgs:/home/ubuntu20/CODE/code/BMTD3_CODE/install/turtlebot3_gazebo:${AMENT_PREFIX_PATH} CMAKE_PREFIX_PATH=/home/ubuntu20/CODE/code/BMTD3_CODE/install/turtlebot3_fake_node:/home/ubuntu20/CODE/code/BMTD3_CODE/install/turtlebot3_msgs:/home/ubuntu20/CODE/code/BMTD3_CODE/install/turtlebot3_gazebo:/opt/ros/foxy LD_LIBRARY_PATH=/home/ubuntu20/CODE/code/BMTD3_CODE/install/turtlebot3_msgs/lib:/usr/lib/x86_64-linux-gnu/gazebo-11/plugins:/opt/ros/foxy/opt/yaml_cpp_vendor/lib:/opt/ros/foxy/opt/rviz_ogre_vendor/lib:/opt/ros/foxy/lib/x86_64-linux-gnu:/opt/ros/foxy/lib:/usr/share/gazebo/../../lib/x86_64-linux-gnu/gazebo-11/plugins PYTHONPATH=/home/ubuntu20/CODE/code/BMTD3_CODE/install/turtlebot3_msgs/lib/python3.8/site-packages:${PYTHONPATH} /usr/bin/cmake --build /home/ubuntu20/CODE/code/BMTD3_CODE/build/turtlebot3_simulations -- -j8 -l8
[1.093s] Invoked command in '/home/ubuntu20/CODE/code/BMTD3_CODE/build/turtlebot3_simulations' returned '0': AMENT_PREFIX_PATH=/home/ubuntu20/CODE/code/BMTD3_CODE/install/turtlebot3_fake_node:/home/ubuntu20/CODE/code/BMTD3_CODE/install/turtlebot3_msgs:/home/ubuntu20/CODE/code/BMTD3_CODE/install/turtlebot3_gazebo:${AMENT_PREFIX_PATH} CMAKE_PREFIX_PATH=/home/ubuntu20/CODE/code/BMTD3_CODE/install/turtlebot3_fake_node:/home/ubuntu20/CODE/code/BMTD3_CODE/install/turtlebot3_msgs:/home/ubuntu20/CODE/code/BMTD3_CODE/install/turtlebot3_gazebo:/opt/ros/foxy LD_LIBRARY_PATH=/home/ubuntu20/CODE/code/BMTD3_CODE/install/turtlebot3_msgs/lib:/usr/lib/x86_64-linux-gnu/gazebo-11/plugins:/opt/ros/foxy/opt/yaml_cpp_vendor/lib:/opt/ros/foxy/opt/rviz_ogre_vendor/lib:/opt/ros/foxy/lib/x86_64-linux-gnu:/opt/ros/foxy/lib:/usr/share/gazebo/../../lib/x86_64-linux-gnu/gazebo-11/plugins PYTHONPATH=/home/ubuntu20/CODE/code/BMTD3_CODE/install/turtlebot3_msgs/lib/python3.8/site-packages:${PYTHONPATH} /usr/bin/cmake --build /home/ubuntu20/CODE/code/BMTD3_CODE/build/turtlebot3_simulations -- -j8 -l8
[1.098s] Invoking command in '/home/ubuntu20/CODE/code/BMTD3_CODE/build/turtlebot3_simulations': AMENT_PREFIX_PATH=/home/ubuntu20/CODE/code/BMTD3_CODE/install/turtlebot3_fake_node:/home/ubuntu20/CODE/code/BMTD3_CODE/install/turtlebot3_msgs:/home/ubuntu20/CODE/code/BMTD3_CODE/install/turtlebot3_gazebo:${AMENT_PREFIX_PATH} CMAKE_PREFIX_PATH=/home/ubuntu20/CODE/code/BMTD3_CODE/install/turtlebot3_fake_node:/home/ubuntu20/CODE/code/BMTD3_CODE/install/turtlebot3_msgs:/home/ubuntu20/CODE/code/BMTD3_CODE/install/turtlebot3_gazebo:/opt/ros/foxy LD_LIBRARY_PATH=/home/ubuntu20/CODE/code/BMTD3_CODE/install/turtlebot3_msgs/lib:/usr/lib/x86_64-linux-gnu/gazebo-11/plugins:/opt/ros/foxy/opt/yaml_cpp_vendor/lib:/opt/ros/foxy/opt/rviz_ogre_vendor/lib:/opt/ros/foxy/lib/x86_64-linux-gnu:/opt/ros/foxy/lib:/usr/share/gazebo/../../lib/x86_64-linux-gnu/gazebo-11/plugins PYTHONPATH=/home/ubuntu20/CODE/code/BMTD3_CODE/install/turtlebot3_msgs/lib/python3.8/site-packages:${PYTHONPATH} /usr/bin/cmake --install /home/ubuntu20/CODE/code/BMTD3_CODE/build/turtlebot3_simulations
[1.112s] -- Install configuration: ""
[1.113s] -- Installing: /home/ubuntu20/CODE/code/BMTD3_CODE/install/turtlebot3_simulations/share/ament_index/resource_index/package_run_dependencies/turtlebot3_simulations
[1.113s] -- Installing: /home/ubuntu20/CODE/code/BMTD3_CODE/install/turtlebot3_simulations/share/ament_index/resource_index/parent_prefix_path/turtlebot3_simulations
[1.113s] -- Installing: /home/ubuntu20/CODE/code/BMTD3_CODE/install/turtlebot3_simulations/share/turtlebot3_simulations/environment/ament_prefix_path.sh
[1.113s] -- Installing: /home/ubuntu20/CODE/code/BMTD3_CODE/install/turtlebot3_simulations/share/turtlebot3_simulations/environment/ament_prefix_path.dsv
[1.114s] -- Installing: /home/ubuntu20/CODE/code/BMTD3_CODE/install/turtlebot3_simulations/share/turtlebot3_simulations/environment/path.sh
[1.114s] -- Installing: /home/ubuntu20/CODE/code/BMTD3_CODE/install/turtlebot3_simulations/share/turtlebot3_simulations/environment/path.dsv
[1.115s] -- Installing: /home/ubuntu20/CODE/code/BMTD3_CODE/install/turtlebot3_simulations/share/turtlebot3_simulations/local_setup.bash
[1.115s] -- Installing: /home/ubuntu20/CODE/code/BMTD3_CODE/install/turtlebot3_simulations/share/turtlebot3_simulations/local_setup.sh
[1.115s] -- Installing: /home/ubuntu20/CODE/code/BMTD3_CODE/install/turtlebot3_simulations/share/turtlebot3_simulations/local_setup.zsh
[1.116s] -- Installing: /home/ubuntu20/CODE/code/BMTD3_CODE/install/turtlebot3_simulations/share/turtlebot3_simulations/local_setup.dsv
[1.116s] -- Installing: /home/ubuntu20/CODE/code/BMTD3_CODE/install/turtlebot3_simulations/share/turtlebot3_simulations/package.dsv
[1.117s] -- Installing: /home/ubuntu20/CODE/code/BMTD3_CODE/install/turtlebot3_simulations/share/ament_index/resource_index/packages/turtlebot3_simulations
[1.117s] -- Installing: /home/ubuntu20/CODE/code/BMTD3_CODE/install/turtlebot3_simulations/share/turtlebot3_simulations/cmake/turtlebot3_simulationsConfig.cmake
[1.118s] -- Installing: /home/ubuntu20/CODE/code/BMTD3_CODE/install/turtlebot3_simulations/share/turtlebot3_simulations/cmake/turtlebot3_simulationsConfig-version.cmake
[1.119s] -- Installing: /home/ubuntu20/CODE/code/BMTD3_CODE/install/turtlebot3_simulations/share/turtlebot3_simulations/package.xml
[1.120s] Invoked command in '/home/ubuntu20/CODE/code/BMTD3_CODE/build/turtlebot3_simulations' returned '0': AMENT_PREFIX_PATH=/home/ubuntu20/CODE/code/BMTD3_CODE/install/turtlebot3_fake_node:/home/ubuntu20/CODE/code/BMTD3_CODE/install/turtlebot3_msgs:/home/ubuntu20/CODE/code/BMTD3_CODE/install/turtlebot3_gazebo:${AMENT_PREFIX_PATH} CMAKE_PREFIX_PATH=/home/ubuntu20/CODE/code/BMTD3_CODE/install/turtlebot3_fake_node:/home/ubuntu20/CODE/code/BMTD3_CODE/install/turtlebot3_msgs:/home/ubuntu20/CODE/code/BMTD3_CODE/install/turtlebot3_gazebo:/opt/ros/foxy LD_LIBRARY_PATH=/home/ubuntu20/CODE/code/BMTD3_CODE/install/turtlebot3_msgs/lib:/usr/lib/x86_64-linux-gnu/gazebo-11/plugins:/opt/ros/foxy/opt/yaml_cpp_vendor/lib:/opt/ros/foxy/opt/rviz_ogre_vendor/lib:/opt/ros/foxy/lib/x86_64-linux-gnu:/opt/ros/foxy/lib:/usr/share/gazebo/../../lib/x86_64-linux-gnu/gazebo-11/plugins PYTHONPATH=/home/ubuntu20/CODE/code/BMTD3_CODE/install/turtlebot3_msgs/lib/python3.8/site-packages:${PYTHONPATH} /usr/bin/cmake --install /home/ubuntu20/CODE/code/BMTD3_CODE/build/turtlebot3_simulations
