running egg_info
creating ../../build/turtlebot3_drl/turtlebot3_drl.egg-info
writing ../../build/turtlebot3_drl/turtlebot3_drl.egg-info/PKG-INFO
writing dependency_links to ../../build/turtlebot3_drl/turtlebot3_drl.egg-info/dependency_links.txt
writing entry points to ../../build/turtlebot3_drl/turtlebot3_drl.egg-info/entry_points.txt
writing requirements to ../../build/turtlebot3_drl/turtlebot3_drl.egg-info/requires.txt
writing top-level names to ../../build/turtlebot3_drl/turtlebot3_drl.egg-info/top_level.txt
writing manifest file '../../build/turtlebot3_drl/turtlebot3_drl.egg-info/SOURCES.txt'
reading manifest file '../../build/turtlebot3_drl/turtlebot3_drl.egg-info/SOURCES.txt'
writing manifest file '../../build/turtlebot3_drl/turtlebot3_drl.egg-info/SOURCES.txt'
running build
running build_py
creating /home/ubuntu20/CODE/code/BMTD3_CODE/build/turtlebot3_drl/build
creating /home/ubuntu20/CODE/code/BMTD3_CODE/build/turtlebot3_drl/build/lib
creating /home/ubuntu20/CODE/code/BMTD3_CODE/build/turtlebot3_drl/build/lib/turtlebot3_drl
copying turtlebot3_drl/__init__.py -> /home/ubuntu20/CODE/code/BMTD3_CODE/build/turtlebot3_drl/build/lib/turtlebot3_drl
creating /home/ubuntu20/CODE/code/BMTD3_CODE/build/turtlebot3_drl/build/lib/turtlebot3_drl/drl_environment
copying turtlebot3_drl/drl_environment/drl_environment.py -> /home/ubuntu20/CODE/code/BMTD3_CODE/build/turtlebot3_drl/build/lib/turtlebot3_drl/drl_environment
copying turtlebot3_drl/drl_environment/drl_environment_real.py -> /home/ubuntu20/CODE/code/BMTD3_CODE/build/turtlebot3_drl/build/lib/turtlebot3_drl/drl_environment
copying turtlebot3_drl/drl_environment/__init__.py -> /home/ubuntu20/CODE/code/BMTD3_CODE/build/turtlebot3_drl/build/lib/turtlebot3_drl/drl_environment
copying turtlebot3_drl/drl_environment/reward.py -> /home/ubuntu20/CODE/code/BMTD3_CODE/build/turtlebot3_drl/build/lib/turtlebot3_drl/drl_environment
creating /home/ubuntu20/CODE/code/BMTD3_CODE/build/turtlebot3_drl/build/lib/turtlebot3_drl/common
copying turtlebot3_drl/common/storagemanager.py -> /home/ubuntu20/CODE/code/BMTD3_CODE/build/turtlebot3_drl/build/lib/turtlebot3_drl/common
copying turtlebot3_drl/common/graph.py -> /home/ubuntu20/CODE/code/BMTD3_CODE/build/turtlebot3_drl/build/lib/turtlebot3_drl/common
copying turtlebot3_drl/common/logger.py -> /home/ubuntu20/CODE/code/BMTD3_CODE/build/turtlebot3_drl/build/lib/turtlebot3_drl/common
copying turtlebot3_drl/common/replaybuffer.py -> /home/ubuntu20/CODE/code/BMTD3_CODE/build/turtlebot3_drl/build/lib/turtlebot3_drl/common
copying turtlebot3_drl/common/utilities.py -> /home/ubuntu20/CODE/code/BMTD3_CODE/build/turtlebot3_drl/build/lib/turtlebot3_drl/common
copying turtlebot3_drl/common/__init__.py -> /home/ubuntu20/CODE/code/BMTD3_CODE/build/turtlebot3_drl/build/lib/turtlebot3_drl/common
copying turtlebot3_drl/common/settings.py -> /home/ubuntu20/CODE/code/BMTD3_CODE/build/turtlebot3_drl/build/lib/turtlebot3_drl/common
copying turtlebot3_drl/common/ounoise.py -> /home/ubuntu20/CODE/code/BMTD3_CODE/build/turtlebot3_drl/build/lib/turtlebot3_drl/common
copying turtlebot3_drl/common/visual.py -> /home/ubuntu20/CODE/code/BMTD3_CODE/build/turtlebot3_drl/build/lib/turtlebot3_drl/common
creating /home/ubuntu20/CODE/code/BMTD3_CODE/build/turtlebot3_drl/build/lib/turtlebot3_drl/drl_gazebo
copying turtlebot3_drl/drl_gazebo/__init__.py -> /home/ubuntu20/CODE/code/BMTD3_CODE/build/turtlebot3_drl/build/lib/turtlebot3_drl/drl_gazebo
copying turtlebot3_drl/drl_gazebo/drl_gazebo.py -> /home/ubuntu20/CODE/code/BMTD3_CODE/build/turtlebot3_drl/build/lib/turtlebot3_drl/drl_gazebo
creating /home/ubuntu20/CODE/code/BMTD3_CODE/build/turtlebot3_drl/build/lib/turtlebot3_drl/drl_agent
copying turtlebot3_drl/drl_agent/td3_9.py -> /home/ubuntu20/CODE/code/BMTD3_CODE/build/turtlebot3_drl/build/lib/turtlebot3_drl/drl_agent
copying turtlebot3_drl/drl_agent/td3_4.py -> /home/ubuntu20/CODE/code/BMTD3_CODE/build/turtlebot3_drl/build/lib/turtlebot3_drl/drl_agent
copying turtlebot3_drl/drl_agent/td3_11.py -> /home/ubuntu20/CODE/code/BMTD3_CODE/build/turtlebot3_drl/build/lib/turtlebot3_drl/drl_agent
copying turtlebot3_drl/drl_agent/td3_8.py -> /home/ubuntu20/CODE/code/BMTD3_CODE/build/turtlebot3_drl/build/lib/turtlebot3_drl/drl_agent
copying turtlebot3_drl/drl_agent/__init__.py -> /home/ubuntu20/CODE/code/BMTD3_CODE/build/turtlebot3_drl/build/lib/turtlebot3_drl/drl_agent
copying turtlebot3_drl/drl_agent/td3_1.py -> /home/ubuntu20/CODE/code/BMTD3_CODE/build/turtlebot3_drl/build/lib/turtlebot3_drl/drl_agent
copying turtlebot3_drl/drl_agent/td3_10.py -> /home/ubuntu20/CODE/code/BMTD3_CODE/build/turtlebot3_drl/build/lib/turtlebot3_drl/drl_agent
copying turtlebot3_drl/drl_agent/GRU_Attention_TD3_example.py -> /home/ubuntu20/CODE/code/BMTD3_CODE/build/turtlebot3_drl/build/lib/turtlebot3_drl/drl_agent
copying turtlebot3_drl/drl_agent/td3_5.py -> /home/ubuntu20/CODE/code/BMTD3_CODE/build/turtlebot3_drl/build/lib/turtlebot3_drl/drl_agent
copying turtlebot3_drl/drl_agent/off_policy_agent.py -> /home/ubuntu20/CODE/code/BMTD3_CODE/build/turtlebot3_drl/build/lib/turtlebot3_drl/drl_agent
copying turtlebot3_drl/drl_agent/td3_7.py -> /home/ubuntu20/CODE/code/BMTD3_CODE/build/turtlebot3_drl/build/lib/turtlebot3_drl/drl_agent
copying turtlebot3_drl/drl_agent/drl_agent.py -> /home/ubuntu20/CODE/code/BMTD3_CODE/build/turtlebot3_drl/build/lib/turtlebot3_drl/drl_agent
copying turtlebot3_drl/drl_agent/td3_2.py -> /home/ubuntu20/CODE/code/BMTD3_CODE/build/turtlebot3_drl/build/lib/turtlebot3_drl/drl_agent
copying turtlebot3_drl/drl_agent/td3_12.py -> /home/ubuntu20/CODE/code/BMTD3_CODE/build/turtlebot3_drl/build/lib/turtlebot3_drl/drl_agent
copying turtlebot3_drl/drl_agent/td3_6.py -> /home/ubuntu20/CODE/code/BMTD3_CODE/build/turtlebot3_drl/build/lib/turtlebot3_drl/drl_agent
copying turtlebot3_drl/drl_agent/td3_3.py -> /home/ubuntu20/CODE/code/BMTD3_CODE/build/turtlebot3_drl/build/lib/turtlebot3_drl/drl_agent
copying turtlebot3_drl/drl_agent/td3.py -> /home/ubuntu20/CODE/code/BMTD3_CODE/build/turtlebot3_drl/build/lib/turtlebot3_drl/drl_agent
running install
running install_lib
creating /home/ubuntu20/CODE/code/BMTD3_CODE/install/turtlebot3_drl/lib/python3.8/site-packages/turtlebot3_drl
creating /home/ubuntu20/CODE/code/BMTD3_CODE/install/turtlebot3_drl/lib/python3.8/site-packages/turtlebot3_drl/drl_environment
copying /home/ubuntu20/CODE/code/BMTD3_CODE/build/turtlebot3_drl/build/lib/turtlebot3_drl/drl_environment/drl_environment.py -> /home/ubuntu20/CODE/code/BMTD3_CODE/install/turtlebot3_drl/lib/python3.8/site-packages/turtlebot3_drl/drl_environment
copying /home/ubuntu20/CODE/code/BMTD3_CODE/build/turtlebot3_drl/build/lib/turtlebot3_drl/drl_environment/drl_environment_real.py -> /home/ubuntu20/CODE/code/BMTD3_CODE/install/turtlebot3_drl/lib/python3.8/site-packages/turtlebot3_drl/drl_environment
copying /home/ubuntu20/CODE/code/BMTD3_CODE/build/turtlebot3_drl/build/lib/turtlebot3_drl/drl_environment/__init__.py -> /home/ubuntu20/CODE/code/BMTD3_CODE/install/turtlebot3_drl/lib/python3.8/site-packages/turtlebot3_drl/drl_environment
copying /home/ubuntu20/CODE/code/BMTD3_CODE/build/turtlebot3_drl/build/lib/turtlebot3_drl/drl_environment/reward.py -> /home/ubuntu20/CODE/code/BMTD3_CODE/install/turtlebot3_drl/lib/python3.8/site-packages/turtlebot3_drl/drl_environment
creating /home/ubuntu20/CODE/code/BMTD3_CODE/install/turtlebot3_drl/lib/python3.8/site-packages/turtlebot3_drl/common
copying /home/ubuntu20/CODE/code/BMTD3_CODE/build/turtlebot3_drl/build/lib/turtlebot3_drl/common/storagemanager.py -> /home/ubuntu20/CODE/code/BMTD3_CODE/install/turtlebot3_drl/lib/python3.8/site-packages/turtlebot3_drl/common
copying /home/ubuntu20/CODE/code/BMTD3_CODE/build/turtlebot3_drl/build/lib/turtlebot3_drl/common/graph.py -> /home/ubuntu20/CODE/code/BMTD3_CODE/install/turtlebot3_drl/lib/python3.8/site-packages/turtlebot3_drl/common
copying /home/ubuntu20/CODE/code/BMTD3_CODE/build/turtlebot3_drl/build/lib/turtlebot3_drl/common/logger.py -> /home/ubuntu20/CODE/code/BMTD3_CODE/install/turtlebot3_drl/lib/python3.8/site-packages/turtlebot3_drl/common
copying /home/ubuntu20/CODE/code/BMTD3_CODE/build/turtlebot3_drl/build/lib/turtlebot3_drl/common/replaybuffer.py -> /home/ubuntu20/CODE/code/BMTD3_CODE/install/turtlebot3_drl/lib/python3.8/site-packages/turtlebot3_drl/common
copying /home/ubuntu20/CODE/code/BMTD3_CODE/build/turtlebot3_drl/build/lib/turtlebot3_drl/common/utilities.py -> /home/ubuntu20/CODE/code/BMTD3_CODE/install/turtlebot3_drl/lib/python3.8/site-packages/turtlebot3_drl/common
copying /home/ubuntu20/CODE/code/BMTD3_CODE/build/turtlebot3_drl/build/lib/turtlebot3_drl/common/__init__.py -> /home/ubuntu20/CODE/code/BMTD3_CODE/install/turtlebot3_drl/lib/python3.8/site-packages/turtlebot3_drl/common
copying /home/ubuntu20/CODE/code/BMTD3_CODE/build/turtlebot3_drl/build/lib/turtlebot3_drl/common/settings.py -> /home/ubuntu20/CODE/code/BMTD3_CODE/install/turtlebot3_drl/lib/python3.8/site-packages/turtlebot3_drl/common
copying /home/ubuntu20/CODE/code/BMTD3_CODE/build/turtlebot3_drl/build/lib/turtlebot3_drl/common/ounoise.py -> /home/ubuntu20/CODE/code/BMTD3_CODE/install/turtlebot3_drl/lib/python3.8/site-packages/turtlebot3_drl/common
copying /home/ubuntu20/CODE/code/BMTD3_CODE/build/turtlebot3_drl/build/lib/turtlebot3_drl/common/visual.py -> /home/ubuntu20/CODE/code/BMTD3_CODE/install/turtlebot3_drl/lib/python3.8/site-packages/turtlebot3_drl/common
creating /home/ubuntu20/CODE/code/BMTD3_CODE/install/turtlebot3_drl/lib/python3.8/site-packages/turtlebot3_drl/drl_gazebo
copying /home/ubuntu20/CODE/code/BMTD3_CODE/build/turtlebot3_drl/build/lib/turtlebot3_drl/drl_gazebo/__init__.py -> /home/ubuntu20/CODE/code/BMTD3_CODE/install/turtlebot3_drl/lib/python3.8/site-packages/turtlebot3_drl/drl_gazebo
copying /home/ubuntu20/CODE/code/BMTD3_CODE/build/turtlebot3_drl/build/lib/turtlebot3_drl/drl_gazebo/drl_gazebo.py -> /home/ubuntu20/CODE/code/BMTD3_CODE/install/turtlebot3_drl/lib/python3.8/site-packages/turtlebot3_drl/drl_gazebo
creating /home/ubuntu20/CODE/code/BMTD3_CODE/install/turtlebot3_drl/lib/python3.8/site-packages/turtlebot3_drl/drl_agent
copying /home/ubuntu20/CODE/code/BMTD3_CODE/build/turtlebot3_drl/build/lib/turtlebot3_drl/drl_agent/td3_9.py -> /home/ubuntu20/CODE/code/BMTD3_CODE/install/turtlebot3_drl/lib/python3.8/site-packages/turtlebot3_drl/drl_agent
copying /home/ubuntu20/CODE/code/BMTD3_CODE/build/turtlebot3_drl/build/lib/turtlebot3_drl/drl_agent/td3_4.py -> /home/ubuntu20/CODE/code/BMTD3_CODE/install/turtlebot3_drl/lib/python3.8/site-packages/turtlebot3_drl/drl_agent
copying /home/ubuntu20/CODE/code/BMTD3_CODE/build/turtlebot3_drl/build/lib/turtlebot3_drl/drl_agent/td3_11.py -> /home/ubuntu20/CODE/code/BMTD3_CODE/install/turtlebot3_drl/lib/python3.8/site-packages/turtlebot3_drl/drl_agent
copying /home/ubuntu20/CODE/code/BMTD3_CODE/build/turtlebot3_drl/build/lib/turtlebot3_drl/drl_agent/td3_8.py -> /home/ubuntu20/CODE/code/BMTD3_CODE/install/turtlebot3_drl/lib/python3.8/site-packages/turtlebot3_drl/drl_agent
copying /home/ubuntu20/CODE/code/BMTD3_CODE/build/turtlebot3_drl/build/lib/turtlebot3_drl/drl_agent/__init__.py -> /home/ubuntu20/CODE/code/BMTD3_CODE/install/turtlebot3_drl/lib/python3.8/site-packages/turtlebot3_drl/drl_agent
copying /home/ubuntu20/CODE/code/BMTD3_CODE/build/turtlebot3_drl/build/lib/turtlebot3_drl/drl_agent/td3_1.py -> /home/ubuntu20/CODE/code/BMTD3_CODE/install/turtlebot3_drl/lib/python3.8/site-packages/turtlebot3_drl/drl_agent
copying /home/ubuntu20/CODE/code/BMTD3_CODE/build/turtlebot3_drl/build/lib/turtlebot3_drl/drl_agent/td3_10.py -> /home/ubuntu20/CODE/code/BMTD3_CODE/install/turtlebot3_drl/lib/python3.8/site-packages/turtlebot3_drl/drl_agent
copying /home/ubuntu20/CODE/code/BMTD3_CODE/build/turtlebot3_drl/build/lib/turtlebot3_drl/drl_agent/GRU_Attention_TD3_example.py -> /home/ubuntu20/CODE/code/BMTD3_CODE/install/turtlebot3_drl/lib/python3.8/site-packages/turtlebot3_drl/drl_agent
copying /home/ubuntu20/CODE/code/BMTD3_CODE/build/turtlebot3_drl/build/lib/turtlebot3_drl/drl_agent/td3_5.py -> /home/ubuntu20/CODE/code/BMTD3_CODE/install/turtlebot3_drl/lib/python3.8/site-packages/turtlebot3_drl/drl_agent
copying /home/ubuntu20/CODE/code/BMTD3_CODE/build/turtlebot3_drl/build/lib/turtlebot3_drl/drl_agent/off_policy_agent.py -> /home/ubuntu20/CODE/code/BMTD3_CODE/install/turtlebot3_drl/lib/python3.8/site-packages/turtlebot3_drl/drl_agent
copying /home/ubuntu20/CODE/code/BMTD3_CODE/build/turtlebot3_drl/build/lib/turtlebot3_drl/drl_agent/td3_7.py -> /home/ubuntu20/CODE/code/BMTD3_CODE/install/turtlebot3_drl/lib/python3.8/site-packages/turtlebot3_drl/drl_agent
copying /home/ubuntu20/CODE/code/BMTD3_CODE/build/turtlebot3_drl/build/lib/turtlebot3_drl/drl_agent/drl_agent.py -> /home/ubuntu20/CODE/code/BMTD3_CODE/install/turtlebot3_drl/lib/python3.8/site-packages/turtlebot3_drl/drl_agent
copying /home/ubuntu20/CODE/code/BMTD3_CODE/build/turtlebot3_drl/build/lib/turtlebot3_drl/drl_agent/td3_2.py -> /home/ubuntu20/CODE/code/BMTD3_CODE/install/turtlebot3_drl/lib/python3.8/site-packages/turtlebot3_drl/drl_agent
copying /home/ubuntu20/CODE/code/BMTD3_CODE/build/turtlebot3_drl/build/lib/turtlebot3_drl/drl_agent/td3_12.py -> /home/ubuntu20/CODE/code/BMTD3_CODE/install/turtlebot3_drl/lib/python3.8/site-packages/turtlebot3_drl/drl_agent
copying /home/ubuntu20/CODE/code/BMTD3_CODE/build/turtlebot3_drl/build/lib/turtlebot3_drl/drl_agent/td3_6.py -> /home/ubuntu20/CODE/code/BMTD3_CODE/install/turtlebot3_drl/lib/python3.8/site-packages/turtlebot3_drl/drl_agent
copying /home/ubuntu20/CODE/code/BMTD3_CODE/build/turtlebot3_drl/build/lib/turtlebot3_drl/drl_agent/td3_3.py -> /home/ubuntu20/CODE/code/BMTD3_CODE/install/turtlebot3_drl/lib/python3.8/site-packages/turtlebot3_drl/drl_agent
copying /home/ubuntu20/CODE/code/BMTD3_CODE/build/turtlebot3_drl/build/lib/turtlebot3_drl/drl_agent/td3.py -> /home/ubuntu20/CODE/code/BMTD3_CODE/install/turtlebot3_drl/lib/python3.8/site-packages/turtlebot3_drl/drl_agent
copying /home/ubuntu20/CODE/code/BMTD3_CODE/build/turtlebot3_drl/build/lib/turtlebot3_drl/__init__.py -> /home/ubuntu20/CODE/code/BMTD3_CODE/install/turtlebot3_drl/lib/python3.8/site-packages/turtlebot3_drl
byte-compiling /home/ubuntu20/CODE/code/BMTD3_CODE/install/turtlebot3_drl/lib/python3.8/site-packages/turtlebot3_drl/drl_environment/drl_environment.py to drl_environment.cpython-38.pyc
byte-compiling /home/ubuntu20/CODE/code/BMTD3_CODE/install/turtlebot3_drl/lib/python3.8/site-packages/turtlebot3_drl/drl_environment/drl_environment_real.py to drl_environment_real.cpython-38.pyc
byte-compiling /home/ubuntu20/CODE/code/BMTD3_CODE/install/turtlebot3_drl/lib/python3.8/site-packages/turtlebot3_drl/drl_environment/__init__.py to __init__.cpython-38.pyc
byte-compiling /home/ubuntu20/CODE/code/BMTD3_CODE/install/turtlebot3_drl/lib/python3.8/site-packages/turtlebot3_drl/drl_environment/reward.py to reward.cpython-38.pyc
byte-compiling /home/ubuntu20/CODE/code/BMTD3_CODE/install/turtlebot3_drl/lib/python3.8/site-packages/turtlebot3_drl/common/storagemanager.py to storagemanager.cpython-38.pyc
byte-compiling /home/ubuntu20/CODE/code/BMTD3_CODE/install/turtlebot3_drl/lib/python3.8/site-packages/turtlebot3_drl/common/graph.py to graph.cpython-38.pyc
byte-compiling /home/ubuntu20/CODE/code/BMTD3_CODE/install/turtlebot3_drl/lib/python3.8/site-packages/turtlebot3_drl/common/logger.py to logger.cpython-38.pyc
byte-compiling /home/ubuntu20/CODE/code/BMTD3_CODE/install/turtlebot3_drl/lib/python3.8/site-packages/turtlebot3_drl/common/replaybuffer.py to replaybuffer.cpython-38.pyc
byte-compiling /home/ubuntu20/CODE/code/BMTD3_CODE/install/turtlebot3_drl/lib/python3.8/site-packages/turtlebot3_drl/common/utilities.py to utilities.cpython-38.pyc
byte-compiling /home/ubuntu20/CODE/code/BMTD3_CODE/install/turtlebot3_drl/lib/python3.8/site-packages/turtlebot3_drl/common/__init__.py to __init__.cpython-38.pyc
byte-compiling /home/ubuntu20/CODE/code/BMTD3_CODE/install/turtlebot3_drl/lib/python3.8/site-packages/turtlebot3_drl/common/settings.py to settings.cpython-38.pyc
byte-compiling /home/ubuntu20/CODE/code/BMTD3_CODE/install/turtlebot3_drl/lib/python3.8/site-packages/turtlebot3_drl/common/ounoise.py to ounoise.cpython-38.pyc
byte-compiling /home/ubuntu20/CODE/code/BMTD3_CODE/install/turtlebot3_drl/lib/python3.8/site-packages/turtlebot3_drl/common/visual.py to visual.cpython-38.pyc
byte-compiling /home/ubuntu20/CODE/code/BMTD3_CODE/install/turtlebot3_drl/lib/python3.8/site-packages/turtlebot3_drl/drl_gazebo/__init__.py to __init__.cpython-38.pyc
byte-compiling /home/ubuntu20/CODE/code/BMTD3_CODE/install/turtlebot3_drl/lib/python3.8/site-packages/turtlebot3_drl/drl_gazebo/drl_gazebo.py to drl_gazebo.cpython-38.pyc
byte-compiling /home/ubuntu20/CODE/code/BMTD3_CODE/install/turtlebot3_drl/lib/python3.8/site-packages/turtlebot3_drl/drl_agent/td3_9.py to td3_9.cpython-38.pyc
byte-compiling /home/ubuntu20/CODE/code/BMTD3_CODE/install/turtlebot3_drl/lib/python3.8/site-packages/turtlebot3_drl/drl_agent/td3_4.py to td3_4.cpython-38.pyc
byte-compiling /home/ubuntu20/CODE/code/BMTD3_CODE/install/turtlebot3_drl/lib/python3.8/site-packages/turtlebot3_drl/drl_agent/td3_11.py to td3_11.cpython-38.pyc
byte-compiling /home/ubuntu20/CODE/code/BMTD3_CODE/install/turtlebot3_drl/lib/python3.8/site-packages/turtlebot3_drl/drl_agent/td3_8.py to td3_8.cpython-38.pyc
byte-compiling /home/ubuntu20/CODE/code/BMTD3_CODE/install/turtlebot3_drl/lib/python3.8/site-packages/turtlebot3_drl/drl_agent/__init__.py to __init__.cpython-38.pyc
byte-compiling /home/ubuntu20/CODE/code/BMTD3_CODE/install/turtlebot3_drl/lib/python3.8/site-packages/turtlebot3_drl/drl_agent/td3_1.py to td3_1.cpython-38.pyc
byte-compiling /home/ubuntu20/CODE/code/BMTD3_CODE/install/turtlebot3_drl/lib/python3.8/site-packages/turtlebot3_drl/drl_agent/td3_10.py to td3_10.cpython-38.pyc
byte-compiling /home/ubuntu20/CODE/code/BMTD3_CODE/install/turtlebot3_drl/lib/python3.8/site-packages/turtlebot3_drl/drl_agent/GRU_Attention_TD3_example.py to GRU_Attention_TD3_example.cpython-38.pyc
byte-compiling /home/ubuntu20/CODE/code/BMTD3_CODE/install/turtlebot3_drl/lib/python3.8/site-packages/turtlebot3_drl/drl_agent/td3_5.py to td3_5.cpython-38.pyc
byte-compiling /home/ubuntu20/CODE/code/BMTD3_CODE/install/turtlebot3_drl/lib/python3.8/site-packages/turtlebot3_drl/drl_agent/off_policy_agent.py to off_policy_agent.cpython-38.pyc
byte-compiling /home/ubuntu20/CODE/code/BMTD3_CODE/install/turtlebot3_drl/lib/python3.8/site-packages/turtlebot3_drl/drl_agent/td3_7.py to td3_7.cpython-38.pyc
byte-compiling /home/ubuntu20/CODE/code/BMTD3_CODE/install/turtlebot3_drl/lib/python3.8/site-packages/turtlebot3_drl/drl_agent/drl_agent.py to drl_agent.cpython-38.pyc
byte-compiling /home/ubuntu20/CODE/code/BMTD3_CODE/install/turtlebot3_drl/lib/python3.8/site-packages/turtlebot3_drl/drl_agent/td3_2.py to td3_2.cpython-38.pyc
byte-compiling /home/ubuntu20/CODE/code/BMTD3_CODE/install/turtlebot3_drl/lib/python3.8/site-packages/turtlebot3_drl/drl_agent/td3_12.py to td3_12.cpython-38.pyc
byte-compiling /home/ubuntu20/CODE/code/BMTD3_CODE/install/turtlebot3_drl/lib/python3.8/site-packages/turtlebot3_drl/drl_agent/td3_6.py to td3_6.cpython-38.pyc
byte-compiling /home/ubuntu20/CODE/code/BMTD3_CODE/install/turtlebot3_drl/lib/python3.8/site-packages/turtlebot3_drl/drl_agent/td3_3.py to td3_3.cpython-38.pyc
byte-compiling /home/ubuntu20/CODE/code/BMTD3_CODE/install/turtlebot3_drl/lib/python3.8/site-packages/turtlebot3_drl/drl_agent/td3.py to td3.cpython-38.pyc
byte-compiling /home/ubuntu20/CODE/code/BMTD3_CODE/install/turtlebot3_drl/lib/python3.8/site-packages/turtlebot3_drl/__init__.py to __init__.cpython-38.pyc
running install_data
creating /home/ubuntu20/CODE/code/BMTD3_CODE/install/turtlebot3_drl/share/ament_index
creating /home/ubuntu20/CODE/code/BMTD3_CODE/install/turtlebot3_drl/share/ament_index/resource_index
creating /home/ubuntu20/CODE/code/BMTD3_CODE/install/turtlebot3_drl/share/ament_index/resource_index/packages
copying resource/turtlebot3_drl -> /home/ubuntu20/CODE/code/BMTD3_CODE/install/turtlebot3_drl/share/ament_index/resource_index/packages
copying package.xml -> /home/ubuntu20/CODE/code/BMTD3_CODE/install/turtlebot3_drl/share/turtlebot3_drl
creating /home/ubuntu20/CODE/code/BMTD3_CODE/install/turtlebot3_drl/share/turtlebot3_drl/launch
running install_egg_info
Copying ../../build/turtlebot3_drl/turtlebot3_drl.egg-info to /home/ubuntu20/CODE/code/BMTD3_CODE/install/turtlebot3_drl/lib/python3.8/site-packages/turtlebot3_drl-2.0.0-py3.8.egg-info
running install_scripts
Installing environment script to /home/ubuntu20/CODE/code/BMTD3_CODE/install/turtlebot3_drl/lib/turtlebot3_drl
Installing gazebo_goals script to /home/ubuntu20/CODE/code/BMTD3_CODE/install/turtlebot3_drl/lib/turtlebot3_drl
Installing real_agent script to /home/ubuntu20/CODE/code/BMTD3_CODE/install/turtlebot3_drl/lib/turtlebot3_drl
Installing real_environment script to /home/ubuntu20/CODE/code/BMTD3_CODE/install/turtlebot3_drl/lib/turtlebot3_drl
Installing test_agent script to /home/ubuntu20/CODE/code/BMTD3_CODE/install/turtlebot3_drl/lib/turtlebot3_drl
Installing train_agent script to /home/ubuntu20/CODE/code/BMTD3_CODE/install/turtlebot3_drl/lib/turtlebot3_drl
writing list of installed files to '/home/ubuntu20/CODE/code/BMTD3_CODE/build/turtlebot3_drl/install.log'
