[0.743s] Invoking command in '/home/ubuntu20/CODE/code/BMTD3_CODE/src/turtlebot3_drl': PYTHONPATH=/home/ubuntu20/CODE/code/BMTD3_CODE/build/turtlebot3_drl/prefix_override:/usr/lib/python3/dist-packages/colcon_core/task/python/colcon_distutils_commands:/home/ubuntu20/CODE/code/BMTD3_CODE/install/turtlebot3_drl/lib/python3.8/site-packages:${PYTHONPATH} /usr/bin/python3 -W ignore:setup.py install is deprecated -W ignore:easy_install command is deprecated setup.py egg_info --egg-base ../../build/turtlebot3_drl build --build-base /home/ubuntu20/CODE/code/BMTD3_CODE/build/turtlebot3_drl/build install --record /home/ubuntu20/CODE/code/BMTD3_CODE/build/turtlebot3_drl/install.log --single-version-externally-managed install_data
[1.032s] running egg_info
[1.032s] creating ../../build/turtlebot3_drl/turtlebot3_drl.egg-info
[1.033s] writing ../../build/turtlebot3_drl/turtlebot3_drl.egg-info/PKG-INFO
[1.033s] writing dependency_links to ../../build/turtlebot3_drl/turtlebot3_drl.egg-info/dependency_links.txt
[1.033s] writing entry points to ../../build/turtlebot3_drl/turtlebot3_drl.egg-info/entry_points.txt
[1.033s] writing requirements to ../../build/turtlebot3_drl/turtlebot3_drl.egg-info/requires.txt
[1.034s] writing top-level names to ../../build/turtlebot3_drl/turtlebot3_drl.egg-info/top_level.txt
[1.034s] writing manifest file '../../build/turtlebot3_drl/turtlebot3_drl.egg-info/SOURCES.txt'
[1.070s] reading manifest file '../../build/turtlebot3_drl/turtlebot3_drl.egg-info/SOURCES.txt'
[1.072s] writing manifest file '../../build/turtlebot3_drl/turtlebot3_drl.egg-info/SOURCES.txt'
[1.072s] running build
[1.072s] running build_py
[1.072s] creating /home/ubuntu20/CODE/code/BMTD3_CODE/build/turtlebot3_drl/build
[1.073s] creating /home/ubuntu20/CODE/code/BMTD3_CODE/build/turtlebot3_drl/build/lib
[1.073s] creating /home/ubuntu20/CODE/code/BMTD3_CODE/build/turtlebot3_drl/build/lib/turtlebot3_drl
[1.073s] copying turtlebot3_drl/__init__.py -> /home/ubuntu20/CODE/code/BMTD3_CODE/build/turtlebot3_drl/build/lib/turtlebot3_drl
[1.073s] creating /home/ubuntu20/CODE/code/BMTD3_CODE/build/turtlebot3_drl/build/lib/turtlebot3_drl/drl_environment
[1.073s] copying turtlebot3_drl/drl_environment/drl_environment.py -> /home/ubuntu20/CODE/code/BMTD3_CODE/build/turtlebot3_drl/build/lib/turtlebot3_drl/drl_environment
[1.073s] copying turtlebot3_drl/drl_environment/drl_environment_real.py -> /home/ubuntu20/CODE/code/BMTD3_CODE/build/turtlebot3_drl/build/lib/turtlebot3_drl/drl_environment
[1.074s] copying turtlebot3_drl/drl_environment/__init__.py -> /home/ubuntu20/CODE/code/BMTD3_CODE/build/turtlebot3_drl/build/lib/turtlebot3_drl/drl_environment
[1.074s] copying turtlebot3_drl/drl_environment/reward.py -> /home/ubuntu20/CODE/code/BMTD3_CODE/build/turtlebot3_drl/build/lib/turtlebot3_drl/drl_environment
[1.074s] creating /home/ubuntu20/CODE/code/BMTD3_CODE/build/turtlebot3_drl/build/lib/turtlebot3_drl/common
[1.074s] copying turtlebot3_drl/common/storagemanager.py -> /home/ubuntu20/CODE/code/BMTD3_CODE/build/turtlebot3_drl/build/lib/turtlebot3_drl/common
[1.075s] copying turtlebot3_drl/common/graph.py -> /home/ubuntu20/CODE/code/BMTD3_CODE/build/turtlebot3_drl/build/lib/turtlebot3_drl/common
[1.075s] copying turtlebot3_drl/common/logger.py -> /home/ubuntu20/CODE/code/BMTD3_CODE/build/turtlebot3_drl/build/lib/turtlebot3_drl/common
[1.075s] copying turtlebot3_drl/common/replaybuffer.py -> /home/ubuntu20/CODE/code/BMTD3_CODE/build/turtlebot3_drl/build/lib/turtlebot3_drl/common
[1.075s] copying turtlebot3_drl/common/utilities.py -> /home/ubuntu20/CODE/code/BMTD3_CODE/build/turtlebot3_drl/build/lib/turtlebot3_drl/common
[1.075s] copying turtlebot3_drl/common/__init__.py -> /home/ubuntu20/CODE/code/BMTD3_CODE/build/turtlebot3_drl/build/lib/turtlebot3_drl/common
[1.075s] copying turtlebot3_drl/common/settings.py -> /home/ubuntu20/CODE/code/BMTD3_CODE/build/turtlebot3_drl/build/lib/turtlebot3_drl/common
[1.075s] copying turtlebot3_drl/common/ounoise.py -> /home/ubuntu20/CODE/code/BMTD3_CODE/build/turtlebot3_drl/build/lib/turtlebot3_drl/common
[1.075s] copying turtlebot3_drl/common/visual.py -> /home/ubuntu20/CODE/code/BMTD3_CODE/build/turtlebot3_drl/build/lib/turtlebot3_drl/common
[1.075s] creating /home/ubuntu20/CODE/code/BMTD3_CODE/build/turtlebot3_drl/build/lib/turtlebot3_drl/drl_gazebo
[1.076s] copying turtlebot3_drl/drl_gazebo/__init__.py -> /home/ubuntu20/CODE/code/BMTD3_CODE/build/turtlebot3_drl/build/lib/turtlebot3_drl/drl_gazebo
[1.076s] copying turtlebot3_drl/drl_gazebo/drl_gazebo.py -> /home/ubuntu20/CODE/code/BMTD3_CODE/build/turtlebot3_drl/build/lib/turtlebot3_drl/drl_gazebo
[1.076s] creating /home/ubuntu20/CODE/code/BMTD3_CODE/build/turtlebot3_drl/build/lib/turtlebot3_drl/drl_agent
[1.076s] copying turtlebot3_drl/drl_agent/td3_9.py -> /home/ubuntu20/CODE/code/BMTD3_CODE/build/turtlebot3_drl/build/lib/turtlebot3_drl/drl_agent
[1.077s] copying turtlebot3_drl/drl_agent/td3_4.py -> /home/ubuntu20/CODE/code/BMTD3_CODE/build/turtlebot3_drl/build/lib/turtlebot3_drl/drl_agent
[1.077s] copying turtlebot3_drl/drl_agent/td3_11.py -> /home/ubuntu20/CODE/code/BMTD3_CODE/build/turtlebot3_drl/build/lib/turtlebot3_drl/drl_agent
[1.077s] copying turtlebot3_drl/drl_agent/td3_8.py -> /home/ubuntu20/CODE/code/BMTD3_CODE/build/turtlebot3_drl/build/lib/turtlebot3_drl/drl_agent
[1.077s] copying turtlebot3_drl/drl_agent/__init__.py -> /home/ubuntu20/CODE/code/BMTD3_CODE/build/turtlebot3_drl/build/lib/turtlebot3_drl/drl_agent
[1.077s] copying turtlebot3_drl/drl_agent/td3_1.py -> /home/ubuntu20/CODE/code/BMTD3_CODE/build/turtlebot3_drl/build/lib/turtlebot3_drl/drl_agent
[1.078s] copying turtlebot3_drl/drl_agent/td3_10.py -> /home/ubuntu20/CODE/code/BMTD3_CODE/build/turtlebot3_drl/build/lib/turtlebot3_drl/drl_agent
[1.078s] copying turtlebot3_drl/drl_agent/GRU_Attention_TD3_example.py -> /home/ubuntu20/CODE/code/BMTD3_CODE/build/turtlebot3_drl/build/lib/turtlebot3_drl/drl_agent
[1.078s] copying turtlebot3_drl/drl_agent/td3_5.py -> /home/ubuntu20/CODE/code/BMTD3_CODE/build/turtlebot3_drl/build/lib/turtlebot3_drl/drl_agent
[1.078s] copying turtlebot3_drl/drl_agent/off_policy_agent.py -> /home/ubuntu20/CODE/code/BMTD3_CODE/build/turtlebot3_drl/build/lib/turtlebot3_drl/drl_agent
[1.079s] copying turtlebot3_drl/drl_agent/td3_7.py -> /home/ubuntu20/CODE/code/BMTD3_CODE/build/turtlebot3_drl/build/lib/turtlebot3_drl/drl_agent
[1.079s] copying turtlebot3_drl/drl_agent/drl_agent.py -> /home/ubuntu20/CODE/code/BMTD3_CODE/build/turtlebot3_drl/build/lib/turtlebot3_drl/drl_agent
[1.079s] copying turtlebot3_drl/drl_agent/td3_2.py -> /home/ubuntu20/CODE/code/BMTD3_CODE/build/turtlebot3_drl/build/lib/turtlebot3_drl/drl_agent
[1.079s] copying turtlebot3_drl/drl_agent/td3_12.py -> /home/ubuntu20/CODE/code/BMTD3_CODE/build/turtlebot3_drl/build/lib/turtlebot3_drl/drl_agent
[1.080s] copying turtlebot3_drl/drl_agent/td3_6.py -> /home/ubuntu20/CODE/code/BMTD3_CODE/build/turtlebot3_drl/build/lib/turtlebot3_drl/drl_agent
[1.080s] copying turtlebot3_drl/drl_agent/td3_3.py -> /home/ubuntu20/CODE/code/BMTD3_CODE/build/turtlebot3_drl/build/lib/turtlebot3_drl/drl_agent
[1.080s] copying turtlebot3_drl/drl_agent/td3.py -> /home/ubuntu20/CODE/code/BMTD3_CODE/build/turtlebot3_drl/build/lib/turtlebot3_drl/drl_agent
[1.080s] running install
[1.080s] running install_lib
[1.081s] creating /home/ubuntu20/CODE/code/BMTD3_CODE/install/turtlebot3_drl/lib/python3.8/site-packages/turtlebot3_drl
[1.081s] creating /home/ubuntu20/CODE/code/BMTD3_CODE/install/turtlebot3_drl/lib/python3.8/site-packages/turtlebot3_drl/drl_environment
[1.082s] copying /home/ubuntu20/CODE/code/BMTD3_CODE/build/turtlebot3_drl/build/lib/turtlebot3_drl/drl_environment/drl_environment.py -> /home/ubuntu20/CODE/code/BMTD3_CODE/install/turtlebot3_drl/lib/python3.8/site-packages/turtlebot3_drl/drl_environment
[1.082s] copying /home/ubuntu20/CODE/code/BMTD3_CODE/build/turtlebot3_drl/build/lib/turtlebot3_drl/drl_environment/drl_environment_real.py -> /home/ubuntu20/CODE/code/BMTD3_CODE/install/turtlebot3_drl/lib/python3.8/site-packages/turtlebot3_drl/drl_environment
[1.082s] copying /home/ubuntu20/CODE/code/BMTD3_CODE/build/turtlebot3_drl/build/lib/turtlebot3_drl/drl_environment/__init__.py -> /home/ubuntu20/CODE/code/BMTD3_CODE/install/turtlebot3_drl/lib/python3.8/site-packages/turtlebot3_drl/drl_environment
[1.082s] copying /home/ubuntu20/CODE/code/BMTD3_CODE/build/turtlebot3_drl/build/lib/turtlebot3_drl/drl_environment/reward.py -> /home/ubuntu20/CODE/code/BMTD3_CODE/install/turtlebot3_drl/lib/python3.8/site-packages/turtlebot3_drl/drl_environment
[1.083s] creating /home/ubuntu20/CODE/code/BMTD3_CODE/install/turtlebot3_drl/lib/python3.8/site-packages/turtlebot3_drl/common
[1.083s] copying /home/ubuntu20/CODE/code/BMTD3_CODE/build/turtlebot3_drl/build/lib/turtlebot3_drl/common/storagemanager.py -> /home/ubuntu20/CODE/code/BMTD3_CODE/install/turtlebot3_drl/lib/python3.8/site-packages/turtlebot3_drl/common
[1.083s] copying /home/ubuntu20/CODE/code/BMTD3_CODE/build/turtlebot3_drl/build/lib/turtlebot3_drl/common/graph.py -> /home/ubuntu20/CODE/code/BMTD3_CODE/install/turtlebot3_drl/lib/python3.8/site-packages/turtlebot3_drl/common
[1.083s] copying /home/ubuntu20/CODE/code/BMTD3_CODE/build/turtlebot3_drl/build/lib/turtlebot3_drl/common/logger.py -> /home/ubuntu20/CODE/code/BMTD3_CODE/install/turtlebot3_drl/lib/python3.8/site-packages/turtlebot3_drl/common
[1.084s] copying /home/ubuntu20/CODE/code/BMTD3_CODE/build/turtlebot3_drl/build/lib/turtlebot3_drl/common/replaybuffer.py -> /home/ubuntu20/CODE/code/BMTD3_CODE/install/turtlebot3_drl/lib/python3.8/site-packages/turtlebot3_drl/common
[1.084s] copying /home/ubuntu20/CODE/code/BMTD3_CODE/build/turtlebot3_drl/build/lib/turtlebot3_drl/common/utilities.py -> /home/ubuntu20/CODE/code/BMTD3_CODE/install/turtlebot3_drl/lib/python3.8/site-packages/turtlebot3_drl/common
[1.084s] copying /home/ubuntu20/CODE/code/BMTD3_CODE/build/turtlebot3_drl/build/lib/turtlebot3_drl/common/__init__.py -> /home/ubuntu20/CODE/code/BMTD3_CODE/install/turtlebot3_drl/lib/python3.8/site-packages/turtlebot3_drl/common
[1.084s] copying /home/ubuntu20/CODE/code/BMTD3_CODE/build/turtlebot3_drl/build/lib/turtlebot3_drl/common/settings.py -> /home/ubuntu20/CODE/code/BMTD3_CODE/install/turtlebot3_drl/lib/python3.8/site-packages/turtlebot3_drl/common
[1.085s] copying /home/ubuntu20/CODE/code/BMTD3_CODE/build/turtlebot3_drl/build/lib/turtlebot3_drl/common/ounoise.py -> /home/ubuntu20/CODE/code/BMTD3_CODE/install/turtlebot3_drl/lib/python3.8/site-packages/turtlebot3_drl/common
[1.085s] copying /home/ubuntu20/CODE/code/BMTD3_CODE/build/turtlebot3_drl/build/lib/turtlebot3_drl/common/visual.py -> /home/ubuntu20/CODE/code/BMTD3_CODE/install/turtlebot3_drl/lib/python3.8/site-packages/turtlebot3_drl/common
[1.085s] creating /home/ubuntu20/CODE/code/BMTD3_CODE/install/turtlebot3_drl/lib/python3.8/site-packages/turtlebot3_drl/drl_gazebo
[1.085s] copying /home/ubuntu20/CODE/code/BMTD3_CODE/build/turtlebot3_drl/build/lib/turtlebot3_drl/drl_gazebo/__init__.py -> /home/ubuntu20/CODE/code/BMTD3_CODE/install/turtlebot3_drl/lib/python3.8/site-packages/turtlebot3_drl/drl_gazebo
[1.086s] copying /home/ubuntu20/CODE/code/BMTD3_CODE/build/turtlebot3_drl/build/lib/turtlebot3_drl/drl_gazebo/drl_gazebo.py -> /home/ubuntu20/CODE/code/BMTD3_CODE/install/turtlebot3_drl/lib/python3.8/site-packages/turtlebot3_drl/drl_gazebo
[1.086s] creating /home/ubuntu20/CODE/code/BMTD3_CODE/install/turtlebot3_drl/lib/python3.8/site-packages/turtlebot3_drl/drl_agent
[1.086s] copying /home/ubuntu20/CODE/code/BMTD3_CODE/build/turtlebot3_drl/build/lib/turtlebot3_drl/drl_agent/td3_9.py -> /home/ubuntu20/CODE/code/BMTD3_CODE/install/turtlebot3_drl/lib/python3.8/site-packages/turtlebot3_drl/drl_agent
[1.086s] copying /home/ubuntu20/CODE/code/BMTD3_CODE/build/turtlebot3_drl/build/lib/turtlebot3_drl/drl_agent/td3_4.py -> /home/ubuntu20/CODE/code/BMTD3_CODE/install/turtlebot3_drl/lib/python3.8/site-packages/turtlebot3_drl/drl_agent
[1.086s] copying /home/ubuntu20/CODE/code/BMTD3_CODE/build/turtlebot3_drl/build/lib/turtlebot3_drl/drl_agent/td3_11.py -> /home/ubuntu20/CODE/code/BMTD3_CODE/install/turtlebot3_drl/lib/python3.8/site-packages/turtlebot3_drl/drl_agent
[1.086s] copying /home/ubuntu20/CODE/code/BMTD3_CODE/build/turtlebot3_drl/build/lib/turtlebot3_drl/drl_agent/td3_8.py -> /home/ubuntu20/CODE/code/BMTD3_CODE/install/turtlebot3_drl/lib/python3.8/site-packages/turtlebot3_drl/drl_agent
[1.087s] copying /home/ubuntu20/CODE/code/BMTD3_CODE/build/turtlebot3_drl/build/lib/turtlebot3_drl/drl_agent/__init__.py -> /home/ubuntu20/CODE/code/BMTD3_CODE/install/turtlebot3_drl/lib/python3.8/site-packages/turtlebot3_drl/drl_agent
[1.087s] copying /home/ubuntu20/CODE/code/BMTD3_CODE/build/turtlebot3_drl/build/lib/turtlebot3_drl/drl_agent/td3_1.py -> /home/ubuntu20/CODE/code/BMTD3_CODE/install/turtlebot3_drl/lib/python3.8/site-packages/turtlebot3_drl/drl_agent
[1.087s] copying /home/ubuntu20/CODE/code/BMTD3_CODE/build/turtlebot3_drl/build/lib/turtlebot3_drl/drl_agent/td3_10.py -> /home/ubuntu20/CODE/code/BMTD3_CODE/install/turtlebot3_drl/lib/python3.8/site-packages/turtlebot3_drl/drl_agent
[1.087s] copying /home/ubuntu20/CODE/code/BMTD3_CODE/build/turtlebot3_drl/build/lib/turtlebot3_drl/drl_agent/GRU_Attention_TD3_example.py -> /home/ubuntu20/CODE/code/BMTD3_CODE/install/turtlebot3_drl/lib/python3.8/site-packages/turtlebot3_drl/drl_agent
[1.087s] copying /home/ubuntu20/CODE/code/BMTD3_CODE/build/turtlebot3_drl/build/lib/turtlebot3_drl/drl_agent/td3_5.py -> /home/ubuntu20/CODE/code/BMTD3_CODE/install/turtlebot3_drl/lib/python3.8/site-packages/turtlebot3_drl/drl_agent
[1.088s] copying /home/ubuntu20/CODE/code/BMTD3_CODE/build/turtlebot3_drl/build/lib/turtlebot3_drl/drl_agent/off_policy_agent.py -> /home/ubuntu20/CODE/code/BMTD3_CODE/install/turtlebot3_drl/lib/python3.8/site-packages/turtlebot3_drl/drl_agent
[1.088s] copying /home/ubuntu20/CODE/code/BMTD3_CODE/build/turtlebot3_drl/build/lib/turtlebot3_drl/drl_agent/td3_7.py -> /home/ubuntu20/CODE/code/BMTD3_CODE/install/turtlebot3_drl/lib/python3.8/site-packages/turtlebot3_drl/drl_agent
[1.088s] copying /home/ubuntu20/CODE/code/BMTD3_CODE/build/turtlebot3_drl/build/lib/turtlebot3_drl/drl_agent/drl_agent.py -> /home/ubuntu20/CODE/code/BMTD3_CODE/install/turtlebot3_drl/lib/python3.8/site-packages/turtlebot3_drl/drl_agent
[1.088s] copying /home/ubuntu20/CODE/code/BMTD3_CODE/build/turtlebot3_drl/build/lib/turtlebot3_drl/drl_agent/td3_2.py -> /home/ubuntu20/CODE/code/BMTD3_CODE/install/turtlebot3_drl/lib/python3.8/site-packages/turtlebot3_drl/drl_agent
[1.088s] copying /home/ubuntu20/CODE/code/BMTD3_CODE/build/turtlebot3_drl/build/lib/turtlebot3_drl/drl_agent/td3_12.py -> /home/ubuntu20/CODE/code/BMTD3_CODE/install/turtlebot3_drl/lib/python3.8/site-packages/turtlebot3_drl/drl_agent
[1.088s] copying /home/ubuntu20/CODE/code/BMTD3_CODE/build/turtlebot3_drl/build/lib/turtlebot3_drl/drl_agent/td3_6.py -> /home/ubuntu20/CODE/code/BMTD3_CODE/install/turtlebot3_drl/lib/python3.8/site-packages/turtlebot3_drl/drl_agent
[1.088s] copying /home/ubuntu20/CODE/code/BMTD3_CODE/build/turtlebot3_drl/build/lib/turtlebot3_drl/drl_agent/td3_3.py -> /home/ubuntu20/CODE/code/BMTD3_CODE/install/turtlebot3_drl/lib/python3.8/site-packages/turtlebot3_drl/drl_agent
[1.089s] copying /home/ubuntu20/CODE/code/BMTD3_CODE/build/turtlebot3_drl/build/lib/turtlebot3_drl/drl_agent/td3.py -> /home/ubuntu20/CODE/code/BMTD3_CODE/install/turtlebot3_drl/lib/python3.8/site-packages/turtlebot3_drl/drl_agent
[1.089s] copying /home/ubuntu20/CODE/code/BMTD3_CODE/build/turtlebot3_drl/build/lib/turtlebot3_drl/__init__.py -> /home/ubuntu20/CODE/code/BMTD3_CODE/install/turtlebot3_drl/lib/python3.8/site-packages/turtlebot3_drl
[1.089s] byte-compiling /home/ubuntu20/CODE/code/BMTD3_CODE/install/turtlebot3_drl/lib/python3.8/site-packages/turtlebot3_drl/drl_environment/drl_environment.py to drl_environment.cpython-38.pyc
[1.089s] byte-compiling /home/ubuntu20/CODE/code/BMTD3_CODE/install/turtlebot3_drl/lib/python3.8/site-packages/turtlebot3_drl/drl_environment/drl_environment_real.py to drl_environment_real.cpython-38.pyc
[1.091s] byte-compiling /home/ubuntu20/CODE/code/BMTD3_CODE/install/turtlebot3_drl/lib/python3.8/site-packages/turtlebot3_drl/drl_environment/__init__.py to __init__.cpython-38.pyc
[1.091s] byte-compiling /home/ubuntu20/CODE/code/BMTD3_CODE/install/turtlebot3_drl/lib/python3.8/site-packages/turtlebot3_drl/drl_environment/reward.py to reward.cpython-38.pyc
[1.091s] byte-compiling /home/ubuntu20/CODE/code/BMTD3_CODE/install/turtlebot3_drl/lib/python3.8/site-packages/turtlebot3_drl/common/storagemanager.py to storagemanager.cpython-38.pyc
[1.092s] byte-compiling /home/ubuntu20/CODE/code/BMTD3_CODE/install/turtlebot3_drl/lib/python3.8/site-packages/turtlebot3_drl/common/graph.py to graph.cpython-38.pyc
[1.093s] byte-compiling /home/ubuntu20/CODE/code/BMTD3_CODE/install/turtlebot3_drl/lib/python3.8/site-packages/turtlebot3_drl/common/logger.py to logger.cpython-38.pyc
[1.094s] byte-compiling /home/ubuntu20/CODE/code/BMTD3_CODE/install/turtlebot3_drl/lib/python3.8/site-packages/turtlebot3_drl/common/replaybuffer.py to replaybuffer.cpython-38.pyc
[1.096s] byte-compiling /home/ubuntu20/CODE/code/BMTD3_CODE/install/turtlebot3_drl/lib/python3.8/site-packages/turtlebot3_drl/common/utilities.py to utilities.cpython-38.pyc
[1.097s] byte-compiling /home/ubuntu20/CODE/code/BMTD3_CODE/install/turtlebot3_drl/lib/python3.8/site-packages/turtlebot3_drl/common/__init__.py to __init__.cpython-38.pyc
[1.097s] byte-compiling /home/ubuntu20/CODE/code/BMTD3_CODE/install/turtlebot3_drl/lib/python3.8/site-packages/turtlebot3_drl/common/settings.py to settings.cpython-38.pyc
[1.097s] byte-compiling /home/ubuntu20/CODE/code/BMTD3_CODE/install/turtlebot3_drl/lib/python3.8/site-packages/turtlebot3_drl/common/ounoise.py to ounoise.cpython-38.pyc
[1.098s] byte-compiling /home/ubuntu20/CODE/code/BMTD3_CODE/install/turtlebot3_drl/lib/python3.8/site-packages/turtlebot3_drl/common/visual.py to visual.cpython-38.pyc
[1.099s] byte-compiling /home/ubuntu20/CODE/code/BMTD3_CODE/install/turtlebot3_drl/lib/python3.8/site-packages/turtlebot3_drl/drl_gazebo/__init__.py to __init__.cpython-38.pyc
[1.099s] byte-compiling /home/ubuntu20/CODE/code/BMTD3_CODE/install/turtlebot3_drl/lib/python3.8/site-packages/turtlebot3_drl/drl_gazebo/drl_gazebo.py to drl_gazebo.cpython-38.pyc
[1.101s] byte-compiling /home/ubuntu20/CODE/code/BMTD3_CODE/install/turtlebot3_drl/lib/python3.8/site-packages/turtlebot3_drl/drl_agent/td3_9.py to td3_9.cpython-38.pyc
[1.103s] byte-compiling /home/ubuntu20/CODE/code/BMTD3_CODE/install/turtlebot3_drl/lib/python3.8/site-packages/turtlebot3_drl/drl_agent/td3_4.py to td3_4.cpython-38.pyc
[1.105s] byte-compiling /home/ubuntu20/CODE/code/BMTD3_CODE/install/turtlebot3_drl/lib/python3.8/site-packages/turtlebot3_drl/drl_agent/td3_11.py to td3_11.cpython-38.pyc
[1.106s] byte-compiling /home/ubuntu20/CODE/code/BMTD3_CODE/install/turtlebot3_drl/lib/python3.8/site-packages/turtlebot3_drl/drl_agent/td3_8.py to td3_8.cpython-38.pyc
[1.108s] byte-compiling /home/ubuntu20/CODE/code/BMTD3_CODE/install/turtlebot3_drl/lib/python3.8/site-packages/turtlebot3_drl/drl_agent/__init__.py to __init__.cpython-38.pyc
[1.108s] byte-compiling /home/ubuntu20/CODE/code/BMTD3_CODE/install/turtlebot3_drl/lib/python3.8/site-packages/turtlebot3_drl/drl_agent/td3_1.py to td3_1.cpython-38.pyc
[1.109s] byte-compiling /home/ubuntu20/CODE/code/BMTD3_CODE/install/turtlebot3_drl/lib/python3.8/site-packages/turtlebot3_drl/drl_agent/td3_10.py to td3_10.cpython-38.pyc
[1.111s] byte-compiling /home/ubuntu20/CODE/code/BMTD3_CODE/install/turtlebot3_drl/lib/python3.8/site-packages/turtlebot3_drl/drl_agent/GRU_Attention_TD3_example.py to GRU_Attention_TD3_example.cpython-38.pyc
[1.113s] byte-compiling /home/ubuntu20/CODE/code/BMTD3_CODE/install/turtlebot3_drl/lib/python3.8/site-packages/turtlebot3_drl/drl_agent/td3_5.py to td3_5.cpython-38.pyc
[1.115s] byte-compiling /home/ubuntu20/CODE/code/BMTD3_CODE/install/turtlebot3_drl/lib/python3.8/site-packages/turtlebot3_drl/drl_agent/off_policy_agent.py to off_policy_agent.cpython-38.pyc
[1.116s] byte-compiling /home/ubuntu20/CODE/code/BMTD3_CODE/install/turtlebot3_drl/lib/python3.8/site-packages/turtlebot3_drl/drl_agent/td3_7.py to td3_7.cpython-38.pyc
[1.118s] byte-compiling /home/ubuntu20/CODE/code/BMTD3_CODE/install/turtlebot3_drl/lib/python3.8/site-packages/turtlebot3_drl/drl_agent/drl_agent.py to drl_agent.cpython-38.pyc
[1.120s] byte-compiling /home/ubuntu20/CODE/code/BMTD3_CODE/install/turtlebot3_drl/lib/python3.8/site-packages/turtlebot3_drl/drl_agent/td3_2.py to td3_2.cpython-38.pyc
[1.121s] byte-compiling /home/ubuntu20/CODE/code/BMTD3_CODE/install/turtlebot3_drl/lib/python3.8/site-packages/turtlebot3_drl/drl_agent/td3_12.py to td3_12.cpython-38.pyc
[1.123s] byte-compiling /home/ubuntu20/CODE/code/BMTD3_CODE/install/turtlebot3_drl/lib/python3.8/site-packages/turtlebot3_drl/drl_agent/td3_6.py to td3_6.cpython-38.pyc
[1.126s] byte-compiling /home/ubuntu20/CODE/code/BMTD3_CODE/install/turtlebot3_drl/lib/python3.8/site-packages/turtlebot3_drl/drl_agent/td3_3.py to td3_3.cpython-38.pyc
[1.127s] byte-compiling /home/ubuntu20/CODE/code/BMTD3_CODE/install/turtlebot3_drl/lib/python3.8/site-packages/turtlebot3_drl/drl_agent/td3.py to td3.cpython-38.pyc
[1.129s] byte-compiling /home/ubuntu20/CODE/code/BMTD3_CODE/install/turtlebot3_drl/lib/python3.8/site-packages/turtlebot3_drl/__init__.py to __init__.cpython-38.pyc
[1.129s] running install_data
[1.130s] creating /home/ubuntu20/CODE/code/BMTD3_CODE/install/turtlebot3_drl/share/ament_index
[1.130s] creating /home/ubuntu20/CODE/code/BMTD3_CODE/install/turtlebot3_drl/share/ament_index/resource_index
[1.130s] creating /home/ubuntu20/CODE/code/BMTD3_CODE/install/turtlebot3_drl/share/ament_index/resource_index/packages
[1.130s] copying resource/turtlebot3_drl -> /home/ubuntu20/CODE/code/BMTD3_CODE/install/turtlebot3_drl/share/ament_index/resource_index/packages
[1.130s] copying package.xml -> /home/ubuntu20/CODE/code/BMTD3_CODE/install/turtlebot3_drl/share/turtlebot3_drl
[1.130s] creating /home/ubuntu20/CODE/code/BMTD3_CODE/install/turtlebot3_drl/share/turtlebot3_drl/launch
[1.130s] running install_egg_info
[1.132s] Copying ../../build/turtlebot3_drl/turtlebot3_drl.egg-info to /home/ubuntu20/CODE/code/BMTD3_CODE/install/turtlebot3_drl/lib/python3.8/site-packages/turtlebot3_drl-2.0.0-py3.8.egg-info
[1.133s] running install_scripts
[1.151s] Installing environment script to /home/ubuntu20/CODE/code/BMTD3_CODE/install/turtlebot3_drl/lib/turtlebot3_drl
[1.151s] Installing gazebo_goals script to /home/ubuntu20/CODE/code/BMTD3_CODE/install/turtlebot3_drl/lib/turtlebot3_drl
[1.151s] Installing real_agent script to /home/ubuntu20/CODE/code/BMTD3_CODE/install/turtlebot3_drl/lib/turtlebot3_drl
[1.151s] Installing real_environment script to /home/ubuntu20/CODE/code/BMTD3_CODE/install/turtlebot3_drl/lib/turtlebot3_drl
[1.152s] Installing test_agent script to /home/ubuntu20/CODE/code/BMTD3_CODE/install/turtlebot3_drl/lib/turtlebot3_drl
[1.152s] Installing train_agent script to /home/ubuntu20/CODE/code/BMTD3_CODE/install/turtlebot3_drl/lib/turtlebot3_drl
[1.152s] writing list of installed files to '/home/ubuntu20/CODE/code/BMTD3_CODE/build/turtlebot3_drl/install.log'
[1.176s] Invoked command in '/home/ubuntu20/CODE/code/BMTD3_CODE/src/turtlebot3_drl' returned '0': PYTHONPATH=/home/ubuntu20/CODE/code/BMTD3_CODE/build/turtlebot3_drl/prefix_override:/usr/lib/python3/dist-packages/colcon_core/task/python/colcon_distutils_commands:/home/ubuntu20/CODE/code/BMTD3_CODE/install/turtlebot3_drl/lib/python3.8/site-packages:${PYTHONPATH} /usr/bin/python3 -W ignore:setup.py install is deprecated -W ignore:easy_install command is deprecated setup.py egg_info --egg-base ../../build/turtlebot3_drl build --build-base /home/ubuntu20/CODE/code/BMTD3_CODE/build/turtlebot3_drl/build install --record /home/ubuntu20/CODE/code/BMTD3_CODE/build/turtlebot3_drl/install.log --single-version-externally-managed install_data
